#
# There is insufficient memory for the Java Runtime Environment to continue.
# Native memory allocation (malloc) failed to allocate 1048576 bytes for AllocateHeap
# Possible reasons:
#   The system is out of physical RAM or swap space
#   The process is running with CompressedOops enabled, and the Java Heap may be blocking the growth of the native heap
# Possible solutions:
#   Reduce memory load on the system
#   Increase physical memory or swap space
#   Check if swap backing store is full
#   Decrease Java heap size (-Xmx/-Xms)
#   Decrease number of Java threads
#   Decrease Java thread stack sizes (-Xss)
#   Set larger code cache with -XX:ReservedCodeCacheSize=
#   JVM is running with Zero Based Compressed Oops mode in which the Java heap is
#     placed in the first 32GB address space. The Java Heap base address is the
#     maximum limit for the native heap growth. Please use -XX:HeapBaseMinAddress
#     to set the Java Heap base and to place the Java Heap above 32GB virtual address.
# This output file may be truncated or incomplete.
#
#  Out of Memory Error (allocation.cpp:44), pid=15960, tid=6428
#
# JRE version: OpenJDK Runtime Environment Temurin-17.0.5+8 (17.0.5+8) (build 17.0.5+8)
# Java VM: OpenJDK 64-Bit Server VM Temurin-17.0.5+8 (17.0.5+8, mixed mode, emulated-client, tiered, compressed oops, compressed class ptrs, g1 gc, windows-amd64)
# No core dump will be written. Minidumps are not enabled by default on client versions of Windows
#

---------------  S U M M A R Y ------------

Command Line: -Dsts.lsp.client=vscode -Dsts.log.file=/dev/null -XX:TieredStopAtLevel=1 -Xlog:jni+resolve=off -Dspring.config.location=file:c:\Users\Md.Mahedi\.vscode\extensions\pivotal.vscode-spring-boot-1.43.0\language-server\BOOT-INF\classes\application.properties org.springframework.ide.vscode.boot.app.BootLanguageServerBootApp

Host: 11th Gen Intel(R) Core(TM) i5-11400 @ 2.60GHz, 12 cores, 15G,  Windows 10 , 64 bit Build 19041 (10.0.19041.2364)
Time: Sat Jan 21 13:57:14 2023 Bangladesh Standard Time elapsed time: 17391.001867 seconds (0d 4h 49m 51s)

---------------  T H R E A D  ---------------

Current thread (0x000001d0a8435af0):  VMThread "VM Thread" [stack: 0x00000068f6d00000,0x00000068f6e00000] [id=6428]

Stack: [0x00000068f6d00000,0x00000068f6e00000]
Native frames: (J=compiled Java code, j=interpreted, Vv=VM code, C=native code)
V  [jvm.dll+0x676b3a]
V  [jvm.dll+0x831444]
V  [jvm.dll+0x832bee]
V  [jvm.dll+0x833253]
V  [jvm.dll+0x244ce5]
V  [jvm.dll+0xa631f]
V  [jvm.dll+0x2f4f03]
V  [jvm.dll+0x2f0c10]
V  [jvm.dll+0x2d92f7]
V  [jvm.dll+0x31c3b7]
V  [jvm.dll+0x8376fb]
V  [jvm.dll+0x838434]
V  [jvm.dll+0x83894c]
V  [jvm.dll+0x838d24]
V  [jvm.dll+0x838df0]
V  [jvm.dll+0x7e17ea]
V  [jvm.dll+0x6759e5]
C  [ucrtbase.dll+0x21bb2]
C  [KERNEL32.DLL+0x17614]
C  [ntdll.dll+0x526a1]

VM_Operation (0x00000068f88fefa0): G1CollectFull, mode: safepoint, requested by thread 0x000001d0a8e29600


---------------  P R O C E S S  ---------------

Threads class SMR info:
_java_thread_list=0x000001d0b16cb650, length=34, elements={
0x000001d0a8449380, 0x000001d0a8449e40, 0x000001d0a8478a30, 0x000001d0a847b300,
0x000001d0a847bbc0, 0x000001d0a847e490, 0x000001d0a847ed50, 0x000001d0a847fc60,
0x000001d0a869c330, 0x000001d0a869ec10, 0x000001d0a99b6ac0, 0x000001d0a8e29600,
0x000001d0a9b402c0, 0x000001d0957d2dd0, 0x000001d0a9ad5f60, 0x000001d0a9b4fdd0,
0x000001d0a9e9c3c0, 0x000001d0a9ea1f30, 0x000001d0a9e9c890, 0x000001d0a9e9b550,
0x000001d0a9e9d230, 0x000001d0a9e9ba20, 0x000001d0a9e9bef0, 0x000001d0a9ea0250,
0x000001d0a9e9fd80, 0x000001d0ac0fdad0, 0x000001d0ac0fe470, 0x000001d0ac0ff7b0,
0x000001d0ac0fe940, 0x000001d0ac0ffc80, 0x000001d0ac0fee10, 0x000001d0ac0fd130,
0x000001d0ac101960, 0x000001d0ac0ff2e0
}

Java Threads: ( => current thread )
  0x000001d0a8449380 JavaThread "Reference Handler" daemon [_thread_blocked, id=19368, stack(0x00000068f6e00000,0x00000068f6f00000)]
  0x000001d0a8449e40 JavaThread "Finalizer" daemon [_thread_blocked, id=1388, stack(0x00000068f6f00000,0x00000068f7000000)]
  0x000001d0a8478a30 JavaThread "Signal Dispatcher" daemon [_thread_blocked, id=11896, stack(0x00000068f7000000,0x00000068f7100000)]
  0x000001d0a847b300 JavaThread "Attach Listener" daemon [_thread_blocked, id=14192, stack(0x00000068f7100000,0x00000068f7200000)]
  0x000001d0a847bbc0 JavaThread "Service Thread" daemon [_thread_blocked, id=8492, stack(0x00000068f7200000,0x00000068f7300000)]
  0x000001d0a847e490 JavaThread "Monitor Deflation Thread" daemon [_thread_blocked, id=17548, stack(0x00000068f7300000,0x00000068f7400000)]
  0x000001d0a847ed50 JavaThread "C1 CompilerThread0" daemon [_thread_blocked, id=7584, stack(0x00000068f7400000,0x00000068f7500000)]
  0x000001d0a847fc60 JavaThread "Sweeper thread" daemon [_thread_blocked, id=10712, stack(0x00000068f7500000,0x00000068f7600000)]
  0x000001d0a869c330 JavaThread "Notification Thread" daemon [_thread_blocked, id=16056, stack(0x00000068f7700000,0x00000068f7800000)]
  0x000001d0a869ec10 JavaThread "Common-Cleaner" daemon [_thread_blocked, id=9520, stack(0x00000068f7900000,0x00000068f7a00000)]
  0x000001d0a99b6ac0 JavaThread "boundedElastic-evictor-1" daemon [_thread_blocked, id=14972, stack(0x00000068f8400000,0x00000068f8500000)]
  0x000001d0a8e29600 JavaThread "pool-11-thread-1" [_thread_blocked, id=14644, stack(0x00000068f8800000,0x00000068f8900000)]
  0x000001d0a9b402c0 JavaThread "LanguageServerApp-lifecycle" [_thread_blocked, id=11012, stack(0x00000068f8900000,0x00000068f8a00000)]
  0x000001d0957d2dd0 JavaThread "DestroyJavaVM" [_thread_blocked, id=10092, stack(0x00000068f6700000,0x00000068f6800000)]
  0x000001d0a9ad5f60 JavaThread "pool-12-thread-1" [_thread_in_native, id=6820, stack(0x00000068f8a00000,0x00000068f8b00000)]
  0x000001d0a9b4fdd0 JavaThread "Simple-Language-Server main thread" daemon [_thread_blocked, id=10772, stack(0x00000068f8b00000,0x00000068f8c00000)]
  0x000001d0a9e9c3c0 JavaThread "parallel-1" daemon [_thread_blocked, id=15816, stack(0x00000068fa000000,0x00000068fa100000)]
  0x000001d0a9ea1f30 JavaThread "pool-6-thread-1" [_thread_blocked, id=16284, stack(0x00000068fa300000,0x00000068fa400000)]
  0x000001d0a9e9c890 JavaThread "pool-10-thread-1" [_thread_blocked, id=13096, stack(0x00000068fa400000,0x00000068fa500000)]
  0x000001d0a9e9b550 JavaThread "parallel-2" daemon [_thread_blocked, id=13860, stack(0x00000068fa600000,0x00000068fa700000)]
  0x000001d0a9e9d230 JavaThread "pool-10-thread-2" [_thread_blocked, id=16796, stack(0x00000068fa700000,0x00000068fa800000)]
  0x000001d0a9e9ba20 JavaThread "parallel-3" daemon [_thread_blocked, id=10048, stack(0x00000068fa800000,0x00000068fa900000)]
  0x000001d0a9e9bef0 JavaThread "pool-10-thread-3" [_thread_blocked, id=14628, stack(0x00000068faa00000,0x00000068fab00000)]
  0x000001d0a9ea0250 JavaThread "parallel-4" daemon [_thread_blocked, id=312, stack(0x00000068f8e00000,0x00000068f8f00000)]
  0x000001d0a9e9fd80 JavaThread "pool-8-thread-1" [_thread_blocked, id=6956, stack(0x00000068f7600000,0x00000068f7700000)]
  0x000001d0ac0fdad0 JavaThread "parallel-5" daemon [_thread_blocked, id=12784, stack(0x00000068f7a00000,0x00000068f7b00000)]
  0x000001d0ac0fe470 JavaThread "Reconciler-1" daemon [_thread_blocked, id=19504, stack(0x00000068f9600000,0x00000068f9700000)]
  0x000001d0ac0ff7b0 JavaThread "parallel-6" daemon [_thread_blocked, id=7388, stack(0x00000068f9b00000,0x00000068f9c00000)]
  0x000001d0ac0fe940 JavaThread "parallel-7" daemon [_thread_blocked, id=9008, stack(0x00000068f9d00000,0x00000068f9e00000)]
  0x000001d0ac0ffc80 JavaThread "parallel-8" daemon [_thread_blocked, id=18988, stack(0x00000068f9e00000,0x00000068f9f00000)]
  0x000001d0ac0fee10 JavaThread "parallel-9" daemon [_thread_blocked, id=4148, stack(0x00000068f6400000,0x00000068f6500000)]
  0x000001d0ac0fd130 JavaThread "parallel-10" daemon [_thread_blocked, id=11676, stack(0x00000068f6500000,0x00000068f6600000)]
  0x000001d0ac101960 JavaThread "parallel-11" daemon [_thread_blocked, id=11828, stack(0x00000068f8c00000,0x00000068f8d00000)]
  0x000001d0ac0ff2e0 JavaThread "parallel-12" daemon [_thread_blocked, id=12528, stack(0x00000068f8f00000,0x00000068f9000000)]

Other Threads:
=>0x000001d0a8435af0 VMThread "VM Thread" [stack: 0x00000068f6d00000,0x00000068f6e00000] [id=6428]
  0x000001d095860270 WatcherThread [stack: 0x00000068f7800000,0x00000068f7900000] [id=20216]
  0x000001d0958422e0 GCTaskThread "GC Thread#0" [stack: 0x00000068f6800000,0x00000068f6900000] [id=12268]
  0x000001d0a8ffceb0 GCTaskThread "GC Thread#1" [stack: 0x00000068f7c00000,0x00000068f7d00000] [id=19360]
  0x000001d0a8ffc950 GCTaskThread "GC Thread#2" [stack: 0x00000068f7d00000,0x00000068f7e00000] [id=4628]
  0x000001d0a8ffd970 GCTaskThread "GC Thread#3" [stack: 0x00000068f7e00000,0x00000068f7f00000] [id=10332]
  0x000001d0a8ffcc00 GCTaskThread "GC Thread#4" [stack: 0x00000068f7f00000,0x00000068f8000000] [id=15800]
  0x000001d0a8ffc3f0 GCTaskThread "GC Thread#5" [stack: 0x00000068f8000000,0x00000068f8100000] [id=17192]
  0x000001d0a8ffd160 GCTaskThread "GC Thread#6" [stack: 0x00000068f8100000,0x00000068f8200000] [id=10024]
  0x000001d0a8ffdc20 GCTaskThread "GC Thread#7" [stack: 0x00000068f8200000,0x00000068f8300000] [id=17368]
  0x000001d0a8ffc6a0 GCTaskThread "GC Thread#8" [stack: 0x00000068f8300000,0x00000068f8400000] [id=10680]
  0x000001d0a8ffd410 GCTaskThread "GC Thread#9" [stack: 0x00000068f8500000,0x00000068f8600000] [id=3620]
  0x000001d095852d80 ConcurrentGCThread "G1 Main Marker" [stack: 0x00000068f6900000,0x00000068f6a00000] [id=9084]
  0x000001d095853e40 ConcurrentGCThread "G1 Conc#0" [stack: 0x00000068f6a00000,0x00000068f6b00000] [id=18192]
  0x000001d0a8ffded0 ConcurrentGCThread "G1 Conc#1" [stack: 0x00000068f8600000,0x00000068f8700000] [id=10836]
  0x000001d0a8ffd6c0 ConcurrentGCThread "G1 Conc#2" [stack: 0x00000068f8700000,0x00000068f8800000] [id=14808]
  0x000001d0a79644f0 ConcurrentGCThread "G1 Refine#0" [stack: 0x00000068f6b00000,0x00000068f6c00000] [id=14484]
  0x000001d0a9e22eb0 ConcurrentGCThread "G1 Refine#1" [stack: 0x00000068fa100000,0x00000068fa200000] [id=6508]
  0x000001d0a9bd2be0 ConcurrentGCThread "G1 Refine#2" [stack: 0x00000068fa200000,0x00000068fa300000] [id=6316]
  0x000001d0acf61e30 ConcurrentGCThread "G1 Refine#3" [stack: 0x00000068fac00000,0x00000068fad00000] [id=13176]
  0x000001d0acf75770 ConcurrentGCThread "G1 Refine#4" [stack: 0x00000068fad00000,0x00000068fae00000] [id=16516]
  0x000001d0acf75d30 ConcurrentGCThread "G1 Refine#5" [stack: 0x00000068fae00000,0x00000068faf00000] [id=12516]
  0x000001d0acf82520 ConcurrentGCThread "G1 Refine#6" [stack: 0x00000068faf00000,0x00000068fb000000] [id=9840]
  0x000001d0acf05a80 ConcurrentGCThread "G1 Refine#7" [stack: 0x00000068fb000000,0x00000068fb100000] [id=14860]
  0x000001d0acf751b0 ConcurrentGCThread "G1 Refine#8" [stack: 0x00000068fb100000,0x00000068fb200000] [id=2576]
  0x000001d0b1413910 ConcurrentGCThread "G1 Refine#9" [stack: 0x00000068fb200000,0x00000068fb300000] [id=920]
  0x000001d0a7964e20 ConcurrentGCThread "G1 Service" [stack: 0x00000068f6c00000,0x00000068f6d00000] [id=4964]

Threads with active compile tasks:

VM state: at safepoint (normal execution)

VM Mutex/Monitor currently owned by a thread:  ([mutex/lock_event])
[0x000001d09367c9d0] Threads_lock - owner thread: 0x000001d0a8435af0
[0x000001d0957d08d0] Heap_lock - owner thread: 0x000001d0a8e29600

Heap address: 0x0000000703a00000, size: 4038 MB, Compressed Oops mode: Zero based, Oop shift amount: 3

CDS archive(s) not mapped
Compressed class space mapped at: 0x0000000800000000-0x0000000840000000, reserved size: 1073741824
Narrow klass base: 0x0000000800000000, Narrow klass shift: 0, Narrow klass range: 0x40000000

GC Precious Log:
 CPUs: 12 total, 12 available
 Memory: 16149M
 Large Page Support: Disabled
 NUMA Support: Disabled
 Compressed Oops: Enabled (Zero based)
 Heap Region Size: 2M
 Heap Min Capacity: 8M
 Heap Initial Capacity: 254M
 Heap Max Capacity: 4038M
 Pre-touch: Disabled
 Parallel Workers: 10
 Concurrent Workers: 3
 Concurrent Refinement Workers: 10
 Periodic GC: Disabled

Heap:
 garbage-first heap   total 143360K, used 40298K [0x0000000703a00000, 0x0000000800000000)
  region size 2048K, 1 young (2048K), 0 survivors (0K)
 Metaspace       used 67971K, committed 68608K, reserved 1114112K
  class space    used 9203K, committed 9472K, reserved 1048576K

Heap Regions: E=young(eden), S=young(survivor), O=old, HS=humongous(starts), HC=humongous(continues), CS=collection set, F=free, OA=open archive, CA=closed archive, TAMS=top-at-mark-start (previous, next)
|   0|0x0000000703a00000, 0x0000000703c00000, 0x0000000703c00000|100%| O|  |TAMS 0x0000000703c00000, 0x0000000703a00000| Untracked 
|   1|0x0000000703c00000, 0x0000000703dffff8, 0x0000000703e00000| 99%| O|  |TAMS 0x0000000703dffff8, 0x0000000703c00000| Untracked 
|   2|0x0000000703e00000, 0x0000000704000000, 0x0000000704000000|100%| O|  |TAMS 0x0000000704000000, 0x0000000703e00000| Untracked 
|   3|0x0000000704000000, 0x00000007041fffe8, 0x0000000704200000| 99%| O|  |TAMS 0x00000007041fffe8, 0x0000000704000000| Untracked 
|   4|0x0000000704200000, 0x0000000704400000, 0x0000000704400000|100%| O|  |TAMS 0x0000000704400000, 0x0000000704200000| Untracked 
|   5|0x0000000704400000, 0x0000000704600000, 0x0000000704600000|100%| O|  |TAMS 0x0000000704600000, 0x0000000704400000| Untracked 
|   6|0x0000000704600000, 0x0000000704800000, 0x0000000704800000|100%| O|  |TAMS 0x0000000704800000, 0x0000000704600000| Untracked 
|   7|0x0000000704800000, 0x00000007049edca8, 0x0000000704a00000| 96%| O|  |TAMS 0x00000007049edca8, 0x0000000704800000| Untracked 
|   8|0x0000000704a00000, 0x0000000704bffff0, 0x0000000704c00000| 99%| O|  |TAMS 0x0000000704bffff0, 0x0000000704a00000| Untracked 
|   9|0x0000000704c00000, 0x0000000704dffff8, 0x0000000704e00000| 99%| O|  |TAMS 0x0000000704dffff8, 0x0000000704c00000| Untracked 
|  10|0x0000000704e00000, 0x0000000705000000, 0x0000000705000000|100%| O|  |TAMS 0x0000000705000000, 0x0000000704e00000| Untracked 
|  11|0x0000000705000000, 0x00000007051d3bf0, 0x0000000705200000| 91%| O|  |TAMS 0x0000000705000000, 0x0000000705000000| Untracked 
|  12|0x0000000705200000, 0x00000007053f3450, 0x0000000705400000| 97%| O|  |TAMS 0x00000007053f3450, 0x0000000705200000| Untracked 
|  13|0x0000000705400000, 0x00000007055fff48, 0x0000000705600000| 99%| O|  |TAMS 0x00000007055fff48, 0x0000000705400000| Untracked 
|  14|0x0000000705600000, 0x00000007057ff160, 0x0000000705800000| 99%| O|  |TAMS 0x00000007057ff160, 0x0000000705600000| Untracked 
|  15|0x0000000705800000, 0x00000007059ffce0, 0x0000000705a00000| 99%| O|  |TAMS 0x00000007059ffce0, 0x0000000705800000| Untracked 
|  16|0x0000000705a00000, 0x0000000705bffff8, 0x0000000705c00000| 99%| O|  |TAMS 0x0000000705bffff8, 0x0000000705a00000| Untracked 
|  17|0x0000000705c00000, 0x0000000705d3bef8, 0x0000000705e00000| 61%| O|  |TAMS 0x0000000705c00000, 0x0000000705c00000| Untracked 
|  18|0x0000000705e00000, 0x0000000705e7cf00, 0x0000000706000000| 24%| O|  |TAMS 0x0000000705e00000, 0x0000000705e00000| Untracked 
|  19|0x0000000706000000, 0x0000000706000000, 0x0000000706200000|  0%| F|  |TAMS 0x0000000706000000, 0x0000000706000000| Untracked 
|  20|0x0000000706200000, 0x0000000706200000, 0x0000000706400000|  0%| F|  |TAMS 0x0000000706200000, 0x0000000706200000| Untracked 
|  21|0x0000000706400000, 0x0000000706400000, 0x0000000706600000|  0%| F|  |TAMS 0x0000000706400000, 0x0000000706400000| Untracked 
|  22|0x0000000706600000, 0x0000000706600000, 0x0000000706800000|  0%| F|  |TAMS 0x0000000706600000, 0x0000000706600000| Untracked 
|  23|0x0000000706800000, 0x0000000706800000, 0x0000000706a00000|  0%| F|  |TAMS 0x0000000706800000, 0x0000000706800000| Untracked 
|  24|0x0000000706a00000, 0x0000000706a00000, 0x0000000706c00000|  0%| F|  |TAMS 0x0000000706a00000, 0x0000000706a00000| Untracked 
|  25|0x0000000706c00000, 0x0000000706c00000, 0x0000000706e00000|  0%| F|  |TAMS 0x0000000706c00000, 0x0000000706c00000| Untracked 
|  26|0x0000000706e00000, 0x0000000706fee3d0, 0x0000000707000000| 96%| O|  |TAMS 0x0000000706fee3d0, 0x0000000706e00000| Untracked 
|  27|0x0000000707000000, 0x0000000707000000, 0x0000000707200000|  0%| F|  |TAMS 0x0000000707000000, 0x0000000707000000| Untracked 
|  28|0x0000000707200000, 0x0000000707200000, 0x0000000707400000|  0%| F|  |TAMS 0x0000000707200000, 0x0000000707200000| Untracked 
|  29|0x0000000707400000, 0x0000000707400000, 0x0000000707600000|  0%| F|  |TAMS 0x0000000707400000, 0x0000000707400000| Untracked 
|  30|0x0000000707600000, 0x0000000707600000, 0x0000000707800000|  0%| F|  |TAMS 0x0000000707600000, 0x0000000707600000| Untracked 
|  31|0x0000000707800000, 0x0000000707800000, 0x0000000707a00000|  0%| F|  |TAMS 0x0000000707800000, 0x0000000707800000| Untracked 
|  32|0x0000000707a00000, 0x0000000707a00000, 0x0000000707c00000|  0%| F|  |TAMS 0x0000000707a00000, 0x0000000707a00000| Untracked 
|  33|0x0000000707c00000, 0x0000000707e00000, 0x0000000707e00000|100%|HS|  |TAMS 0x0000000707e00000, 0x0000000707c00000| Untracked 
|  34|0x0000000707e00000, 0x0000000707e00000, 0x0000000708000000|  0%| F|  |TAMS 0x0000000707e00000, 0x0000000707e00000| Untracked 
|  35|0x0000000708000000, 0x0000000708000000, 0x0000000708200000|  0%| F|  |TAMS 0x0000000708000000, 0x0000000708000000| Untracked 
|  36|0x0000000708200000, 0x0000000708200000, 0x0000000708400000|  0%| F|  |TAMS 0x0000000708200000, 0x0000000708200000| Untracked 
|  37|0x0000000708400000, 0x0000000708400000, 0x0000000708600000|  0%| F|  |TAMS 0x0000000708400000, 0x0000000708400000| Untracked 
|  38|0x0000000708600000, 0x0000000708600000, 0x0000000708800000|  0%| F|  |TAMS 0x0000000708600000, 0x0000000708600000| Untracked 
|  39|0x0000000708800000, 0x0000000708800000, 0x0000000708a00000|  0%| F|  |TAMS 0x0000000708800000, 0x0000000708800000| Untracked 
|  40|0x0000000708a00000, 0x0000000708a00000, 0x0000000708c00000|  0%| F|  |TAMS 0x0000000708a00000, 0x0000000708a00000| Untracked 
|  41|0x0000000708c00000, 0x0000000708c00000, 0x0000000708e00000|  0%| F|  |TAMS 0x0000000708c00000, 0x0000000708c00000| Untracked 
|  42|0x0000000708e00000, 0x0000000708e00000, 0x0000000709000000|  0%| F|  |TAMS 0x0000000708e00000, 0x0000000708e00000| Untracked 
|  43|0x0000000709000000, 0x0000000709000000, 0x0000000709200000|  0%| F|  |TAMS 0x0000000709000000, 0x0000000709000000| Untracked 
|  44|0x0000000709200000, 0x0000000709200000, 0x0000000709400000|  0%| F|  |TAMS 0x0000000709200000, 0x0000000709200000| Untracked 
|  45|0x0000000709400000, 0x0000000709400000, 0x0000000709600000|  0%| F|  |TAMS 0x0000000709400000, 0x0000000709400000| Untracked 
|  46|0x0000000709600000, 0x0000000709600000, 0x0000000709800000|  0%| F|  |TAMS 0x0000000709600000, 0x0000000709600000| Untracked 
|  47|0x0000000709800000, 0x0000000709800000, 0x0000000709a00000|  0%| F|  |TAMS 0x0000000709800000, 0x0000000709800000| Untracked 
|  48|0x0000000709a00000, 0x0000000709a00000, 0x0000000709c00000|  0%| F|  |TAMS 0x0000000709a00000, 0x0000000709a00000| Untracked 
|  49|0x0000000709c00000, 0x0000000709c00000, 0x0000000709e00000|  0%| F|  |TAMS 0x0000000709c00000, 0x0000000709c00000| Untracked 
|  50|0x0000000709e00000, 0x0000000709e00000, 0x000000070a000000|  0%| F|  |TAMS 0x0000000709e00000, 0x0000000709e00000| Untracked 
|  51|0x000000070a000000, 0x000000070a000000, 0x000000070a200000|  0%| F|  |TAMS 0x000000070a000000, 0x000000070a000000| Untracked 
|  52|0x000000070a200000, 0x000000070a200000, 0x000000070a400000|  0%| F|  |TAMS 0x000000070a200000, 0x000000070a200000| Untracked 
|  53|0x000000070a400000, 0x000000070a400000, 0x000000070a600000|  0%| F|  |TAMS 0x000000070a400000, 0x000000070a400000| Untracked 
|  54|0x000000070a600000, 0x000000070a600000, 0x000000070a800000|  0%| F|  |TAMS 0x000000070a600000, 0x000000070a600000| Untracked 
|  55|0x000000070a800000, 0x000000070a800000, 0x000000070aa00000|  0%| F|  |TAMS 0x000000070a800000, 0x000000070a800000| Untracked 
|  56|0x000000070aa00000, 0x000000070aa00000, 0x000000070ac00000|  0%| F|  |TAMS 0x000000070aa00000, 0x000000070aa00000| Untracked 
|  57|0x000000070ac00000, 0x000000070ac00000, 0x000000070ae00000|  0%| F|  |TAMS 0x000000070ac00000, 0x000000070ac00000| Untracked 
|  58|0x000000070ae00000, 0x000000070ae00000, 0x000000070b000000|  0%| F|  |TAMS 0x000000070ae00000, 0x000000070ae00000| Untracked 
|  59|0x000000070b000000, 0x000000070b000000, 0x000000070b200000|  0%| F|  |TAMS 0x000000070b000000, 0x000000070b000000| Untracked 
|  60|0x000000070b200000, 0x000000070b200000, 0x000000070b400000|  0%| F|  |TAMS 0x000000070b200000, 0x000000070b200000| Untracked 
|  61|0x000000070b400000, 0x000000070b400000, 0x000000070b600000|  0%| F|  |TAMS 0x000000070b400000, 0x000000070b400000| Untracked 
|  62|0x000000070b600000, 0x000000070b600000, 0x000000070b800000|  0%| F|  |TAMS 0x000000070b600000, 0x000000070b600000| Untracked 
|  63|0x000000070b800000, 0x000000070b800000, 0x000000070ba00000|  0%| F|  |TAMS 0x000000070b800000, 0x000000070b800000| Untracked 
|  64|0x000000070ba00000, 0x000000070ba00000, 0x000000070bc00000|  0%| F|  |TAMS 0x000000070ba00000, 0x000000070ba00000| Untracked 
|  65|0x000000070bc00000, 0x000000070bc00000, 0x000000070be00000|  0%| F|  |TAMS 0x000000070bc00000, 0x000000070bc00000| Untracked 
|  66|0x000000070be00000, 0x000000070be00000, 0x000000070c000000|  0%| F|  |TAMS 0x000000070be00000, 0x000000070be00000| Untracked 
|  67|0x000000070c000000, 0x000000070c000000, 0x000000070c200000|  0%| F|  |TAMS 0x000000070c000000, 0x000000070c000000| Untracked 
|  68|0x000000070c200000, 0x000000070c200000, 0x000000070c400000|  0%| F|  |TAMS 0x000000070c200000, 0x000000070c200000| Untracked 
|  69|0x000000070c400000, 0x000000070c417698, 0x000000070c600000|  4%| E|  |TAMS 0x000000070c400000, 0x000000070c400000| Complete 

Card table byte_map: [0x000001d09bf80000,0x000001d09c770000] _byte_map_base: 0x000001d098763000

Marking Bits (Prev, Next): (CMBitMap*) 0x000001d095842840, (CMBitMap*) 0x000001d095842800
 Prev Bits: [0x000001d0a0e80000, 0x000001d0a4d98000)
 Next Bits: [0x000001d09cf60000, 0x000001d0a0e78000)

Polling page: 0x000001d093750000

Metaspace:

Usage:
  Non-class:     57.39 MB used.
      Class:      8.99 MB used.
       Both:     66.38 MB used.

Virtual space:
  Non-class space:       64.00 MB reserved,      57.75 MB ( 90%) committed,  8 nodes.
      Class space:        1.00 GB reserved,       9.25 MB ( <1%) committed,  1 nodes.
             Both:        1.06 GB reserved,      67.00 MB (  6%) committed. 

Chunk freelists:
   Non-Class:  1.84 MB
       Class:  2.83 MB
        Both:  4.67 MB

MaxMetaspaceSize: unlimited
CompressedClassSpaceSize: 1.00 GB
Initial GC threshold: 21.00 MB
Current GC threshold: 111.69 MB
CDS: off
MetaspaceReclaimPolicy: balanced
 - commit_granule_bytes: 65536.
 - commit_granule_words: 8192.
 - virtual_space_node_default_size: 1048576.
 - enlarge_chunks_in_place: 1.
 - new_chunks_are_fully_committed: 0.
 - uncommit_free_chunks: 1.
 - use_allocation_guard: 0.
 - handle_deallocations: 1.


Internal statistics:

num_allocs_failed_limit: 12.
num_arena_births: 694.
num_arena_deaths: 230.
num_vsnodes_births: 9.
num_vsnodes_deaths: 0.
num_space_committed: 1072.
num_space_uncommitted: 0.
num_chunks_returned_to_freelist: 294.
num_chunks_taken_from_freelist: 2994.
num_chunk_merges: 74.
num_chunk_splits: 2035.
num_chunks_enlarged: 1478.
num_purges: 12.
num_inconsistent_stats: 0.

CodeCache: size=49152Kb used=17922Kb max_used=18999Kb free=31229Kb
 bounds [0x000001d098460000, 0x000001d0996f0000, 0x000001d09b460000]
 total_blobs=10346 nmethods=9669 adapters=604
 compilation: enabled
              stopped_count=0, restarted_count=0
 full_count=0

Compilation events (20 events):
Event: 4531.628 Thread 0x000001d0a847ed50 nmethod 9660 0x000001d0987aab10 code [0x000001d0987aacc0, 0x000001d0987aae68]
Event: 4531.628 Thread 0x000001d0a847ed50 9666       1       ch.qos.logback.classic.spi.LoggingEvent::getThreadName (22 bytes)
Event: 4531.628 Thread 0x000001d0acf339b0 nmethod 9661 0x000001d0987aa810 code [0x000001d0987aa9a0, 0x000001d0987aaa98]
Event: 4531.628 Thread 0x000001d0acf339b0 9662       1       ch.qos.logback.classic.spi.ThrowableProxy::getMessage (5 bytes)
Event: 4531.628 Thread 0x000001d0acf339b0 nmethod 9662 0x000001d0987aa510 code [0x000001d0987aa6a0, 0x000001d0987aa778]
Event: 4531.628 Thread 0x000001d0a847ed50 nmethod 9666 0x000001d0987aa190 code [0x000001d0987aa320, 0x000001d0987aa478]
Event: 4531.628 Thread 0x000001d0a847ed50 9664       1       ch.qos.logback.classic.spi.ThrowableProxy::isCyclic (5 bytes)
Event: 4531.628 Thread 0x000001d0acf339b0 9663       1       ch.qos.logback.classic.spi.ThrowableProxy::getSuppressed (5 bytes)
Event: 4531.628 Thread 0x000001d0a847ed50 nmethod 9664 0x000001d0987a9e90 code [0x000001d0987aa020, 0x000001d0987aa0f8]
Event: 4531.628 Thread 0x000001d0a847ed50 9665       1       ch.qos.logback.classic.spi.ThrowableProxy::getCause (5 bytes)
Event: 4531.628 Thread 0x000001d0a847ed50 nmethod 9665 0x000001d0987a9b90 code [0x000001d0987a9d20, 0x000001d0987a9df8]
Event: 4531.628 Thread 0x000001d0acf339b0 nmethod 9663 0x000001d0987a9890 code [0x000001d0987a9a20, 0x000001d0987a9af8]
Event: 4531.628 Thread 0x000001d0a847ed50 9667       1       ch.qos.logback.classic.spi.ThrowableProxy::getClassName (5 bytes)
Event: 4531.628 Thread 0x000001d0acf339b0 9668       1       ch.qos.logback.classic.spi.ThrowableProxy::getStackTraceElementProxyArray (5 bytes)
Event: 4531.628 Thread 0x000001d0a847ed50 nmethod 9667 0x000001d0987a9590 code [0x000001d0987a9720, 0x000001d0987a97f8]
Event: 4531.628 Thread 0x000001d0acf339b0 nmethod 9668 0x000001d0987a9290 code [0x000001d0987a9420, 0x000001d0987a94f8]
Event: 4532.459 Thread 0x000001d0acf339b0 9669       1       java.io.FileInputStream::read (8 bytes)
Event: 4532.459 Thread 0x000001d0acf339b0 nmethod 9669 0x000001d0987a8f90 code [0x000001d0987a9120, 0x000001d0987a9208]
Event: 4532.474 Thread 0x000001d0acf339b0 9670       1       java.util.concurrent.CompletableFuture$Completion::<init> (5 bytes)
Event: 4532.474 Thread 0x000001d0acf339b0 nmethod 9670 0x000001d0987a8c90 code [0x000001d0987a8e20, 0x000001d0987a8ed8]

GC Heap History (20 events):
Event: 17290.131 GC heap before
{Heap before GC invocations=1695 (full 1668):
 garbage-first heap   total 143360K, used 40298K [0x0000000703a00000, 0x0000000800000000)
  region size 2048K, 1 young (2048K), 0 survivors (0K)
 Metaspace       used 67971K, committed 68608K, reserved 1114112K
  class space    used 9203K, committed 9472K, reserved 1048576K
}
Event: 17290.150 GC heap after
{Heap after GC invocations=1696 (full 1669):
 garbage-first heap   total 143360K, used 40298K [0x0000000703a00000, 0x0000000800000000)
  region size 2048K, 0 young (0K), 0 survivors (0K)
 Metaspace       used 67971K, committed 68608K, reserved 1114112K
  class space    used 9203K, committed 9472K, reserved 1048576K
}
Event: 17300.218 GC heap before
{Heap before GC invocations=1696 (full 1669):
 garbage-first heap   total 143360K, used 40298K [0x0000000703a00000, 0x0000000800000000)
  region size 2048K, 1 young (2048K), 0 survivors (0K)
 Metaspace       used 67971K, committed 68608K, reserved 1114112K
  class space    used 9203K, committed 9472K, reserved 1048576K
}
Event: 17300.237 GC heap after
{Heap after GC invocations=1697 (full 1670):
 garbage-first heap   total 143360K, used 40298K [0x0000000703a00000, 0x0000000800000000)
  region size 2048K, 0 young (0K), 0 survivors (0K)
 Metaspace       used 67971K, committed 68608K, reserved 1114112K
  class space    used 9203K, committed 9472K, reserved 1048576K
}
Event: 17310.304 GC heap before
{Heap before GC invocations=1697 (full 1670):
 garbage-first heap   total 143360K, used 40298K [0x0000000703a00000, 0x0000000800000000)
  region size 2048K, 1 young (2048K), 0 survivors (0K)
 Metaspace       used 67971K, committed 68608K, reserved 1114112K
  class space    used 9203K, committed 9472K, reserved 1048576K
}
Event: 17310.323 GC heap after
{Heap after GC invocations=1698 (full 1671):
 garbage-first heap   total 143360K, used 40298K [0x0000000703a00000, 0x0000000800000000)
  region size 2048K, 0 young (0K), 0 survivors (0K)
 Metaspace       used 67971K, committed 68608K, reserved 1114112K
  class space    used 9203K, committed 9472K, reserved 1048576K
}
Event: 17320.388 GC heap before
{Heap before GC invocations=1698 (full 1671):
 garbage-first heap   total 143360K, used 40298K [0x0000000703a00000, 0x0000000800000000)
  region size 2048K, 1 young (2048K), 0 survivors (0K)
 Metaspace       used 67971K, committed 68608K, reserved 1114112K
  class space    used 9203K, committed 9472K, reserved 1048576K
}
Event: 17320.408 GC heap after
{Heap after GC invocations=1699 (full 1672):
 garbage-first heap   total 143360K, used 40298K [0x0000000703a00000, 0x0000000800000000)
  region size 2048K, 0 young (0K), 0 survivors (0K)
 Metaspace       used 67971K, committed 68608K, reserved 1114112K
  class space    used 9203K, committed 9472K, reserved 1048576K
}
Event: 17330.476 GC heap before
{Heap before GC invocations=1699 (full 1672):
 garbage-first heap   total 143360K, used 40298K [0x0000000703a00000, 0x0000000800000000)
  region size 2048K, 1 young (2048K), 0 survivors (0K)
 Metaspace       used 67971K, committed 68608K, reserved 1114112K
  class space    used 9203K, committed 9472K, reserved 1048576K
}
Event: 17330.497 GC heap after
{Heap after GC invocations=1700 (full 1673):
 garbage-first heap   total 143360K, used 40298K [0x0000000703a00000, 0x0000000800000000)
  region size 2048K, 0 young (0K), 0 survivors (0K)
 Metaspace       used 67971K, committed 68608K, reserved 1114112K
  class space    used 9203K, committed 9472K, reserved 1048576K
}
Event: 17340.563 GC heap before
{Heap before GC invocations=1700 (full 1673):
 garbage-first heap   total 143360K, used 40298K [0x0000000703a00000, 0x0000000800000000)
  region size 2048K, 1 young (2048K), 0 survivors (0K)
 Metaspace       used 67971K, committed 68608K, reserved 1114112K
  class space    used 9203K, committed 9472K, reserved 1048576K
}
Event: 17340.582 GC heap after
{Heap after GC invocations=1701 (full 1674):
 garbage-first heap   total 143360K, used 40298K [0x0000000703a00000, 0x0000000800000000)
  region size 2048K, 0 young (0K), 0 survivors (0K)
 Metaspace       used 67971K, committed 68608K, reserved 1114112K
  class space    used 9203K, committed 9472K, reserved 1048576K
}
Event: 17350.640 GC heap before
{Heap before GC invocations=1701 (full 1674):
 garbage-first heap   total 143360K, used 40298K [0x0000000703a00000, 0x0000000800000000)
  region size 2048K, 1 young (2048K), 0 survivors (0K)
 Metaspace       used 67971K, committed 68608K, reserved 1114112K
  class space    used 9203K, committed 9472K, reserved 1048576K
}
Event: 17350.659 GC heap after
{Heap after GC invocations=1702 (full 1675):
 garbage-first heap   total 143360K, used 40298K [0x0000000703a00000, 0x0000000800000000)
  region size 2048K, 0 young (0K), 0 survivors (0K)
 Metaspace       used 67971K, committed 68608K, reserved 1114112K
  class space    used 9203K, committed 9472K, reserved 1048576K
}
Event: 17360.719 GC heap before
{Heap before GC invocations=1702 (full 1675):
 garbage-first heap   total 143360K, used 40298K [0x0000000703a00000, 0x0000000800000000)
  region size 2048K, 1 young (2048K), 0 survivors (0K)
 Metaspace       used 67971K, committed 68608K, reserved 1114112K
  class space    used 9203K, committed 9472K, reserved 1048576K
}
Event: 17360.738 GC heap after
{Heap after GC invocations=1703 (full 1676):
 garbage-first heap   total 143360K, used 40298K [0x0000000703a00000, 0x0000000800000000)
  region size 2048K, 0 young (0K), 0 survivors (0K)
 Metaspace       used 67971K, committed 68608K, reserved 1114112K
  class space    used 9203K, committed 9472K, reserved 1048576K
}
Event: 17370.798 GC heap before
{Heap before GC invocations=1703 (full 1676):
 garbage-first heap   total 143360K, used 40298K [0x0000000703a00000, 0x0000000800000000)
  region size 2048K, 1 young (2048K), 0 survivors (0K)
 Metaspace       used 67971K, committed 68608K, reserved 1114112K
  class space    used 9203K, committed 9472K, reserved 1048576K
}
Event: 17370.817 GC heap after
{Heap after GC invocations=1704 (full 1677):
 garbage-first heap   total 143360K, used 40298K [0x0000000703a00000, 0x0000000800000000)
  region size 2048K, 0 young (0K), 0 survivors (0K)
 Metaspace       used 67971K, committed 68608K, reserved 1114112K
  class space    used 9203K, committed 9472K, reserved 1048576K
}
Event: 17380.880 GC heap before
{Heap before GC invocations=1704 (full 1677):
 garbage-first heap   total 143360K, used 40298K [0x0000000703a00000, 0x0000000800000000)
  region size 2048K, 1 young (2048K), 0 survivors (0K)
 Metaspace       used 67971K, committed 68608K, reserved 1114112K
  class space    used 9203K, committed 9472K, reserved 1048576K
}
Event: 17380.900 GC heap after
{Heap after GC invocations=1705 (full 1678):
 garbage-first heap   total 143360K, used 40298K [0x0000000703a00000, 0x0000000800000000)
  region size 2048K, 0 young (0K), 0 survivors (0K)
 Metaspace       used 67971K, committed 68608K, reserved 1114112K
  class space    used 9203K, committed 9472K, reserved 1048576K
}

Dll operation events (10 events):
Event: 0.005 Loaded shared library c:\Users\Md.Mahedi\.vscode\extensions\redhat.java-1.14.0-win32-x64\jre\17.0.5-win32-x86_64\bin\java.dll
Event: 0.107 Loaded shared library C:\Users\Md.Mahedi\.vscode\extensions\redhat.java-1.14.0-win32-x64\jre\17.0.5-win32-x86_64\bin\net.dll
Event: 0.108 Loaded shared library C:\Users\Md.Mahedi\.vscode\extensions\redhat.java-1.14.0-win32-x64\jre\17.0.5-win32-x86_64\bin\nio.dll
Event: 0.246 Loaded shared library C:\Users\Md.Mahedi\.vscode\extensions\redhat.java-1.14.0-win32-x64\jre\17.0.5-win32-x86_64\bin\zip.dll
Event: 2.969 Loaded shared library C:\Users\Md.Mahedi\.vscode\extensions\redhat.java-1.14.0-win32-x64\jre\17.0.5-win32-x86_64\bin\jimage.dll
Event: 3.364 Loaded shared library c:\Users\Md.Mahedi\.vscode\extensions\redhat.java-1.14.0-win32-x64\jre\17.0.5-win32-x86_64\bin\verify.dll
Event: 5.636 Loaded shared library C:\Users\Md.Mahedi\.vscode\extensions\redhat.java-1.14.0-win32-x64\jre\17.0.5-win32-x86_64\bin\management.dll
Event: 5.648 Loaded shared library C:\Users\Md.Mahedi\.vscode\extensions\redhat.java-1.14.0-win32-x64\jre\17.0.5-win32-x86_64\bin\management_ext.dll
Event: 6.701 Loaded shared library C:\Users\Md.Mahedi\.vscode\extensions\redhat.java-1.14.0-win32-x64\jre\17.0.5-win32-x86_64\bin\sunmscapi.dll
Event: 10.165 Loaded shared library C:\Users\Md.Mahedi\AppData\Local\Temp\snappy-1.1.8-727d315a-2255-4450-9dd1-e94255220715-snappyjava.dll

Deoptimization events (20 events):
Event: 5.949 Thread 0x000001d0a9db1640 DEOPT PACKING pc=0x000001d0989fda9f sp=0x00000068f9aff190
Event: 5.949 Thread 0x000001d0a9db1640 DEOPT UNPACKING pc=0x000001d0984b66e3 sp=0x00000068f9afe5e8 mode 3
Event: 6.562 Thread 0x000001d0a9e9c890 DEOPT PACKING pc=0x000001d09865a2ac sp=0x00000068fa4fe5a0
Event: 6.562 Thread 0x000001d0a9e9c890 DEOPT UNPACKING pc=0x000001d0984b66e3 sp=0x00000068fa4fda68 mode 0
Event: 7.129 Thread 0x000001d0a9ea1f30 DEOPT PACKING pc=0x000001d098f9de72 sp=0x00000068fa3fd1c0
Event: 7.129 Thread 0x000001d0a9ea1f30 DEOPT UNPACKING pc=0x000001d0984b66e3 sp=0x00000068fa3fc6b8 mode 3
Event: 8.664 Thread 0x000001d0a9b5c920 DEOPT PACKING pc=0x000001d0989e2962 sp=0x00000068f8cfcb90
Event: 8.664 Thread 0x000001d0a9b5c920 DEOPT UNPACKING pc=0x000001d0984b66e3 sp=0x00000068f8cfc098 mode 3
Event: 8.885 Thread 0x000001d0a9b5c920 DEOPT PACKING pc=0x000001d0993481bc sp=0x00000068f8cfe170
Event: 8.885 Thread 0x000001d0a9b5c920 DEOPT UNPACKING pc=0x000001d0984b66e3 sp=0x00000068f8cfd668 mode 0
Event: 8.885 Thread 0x000001d0a9b5c920 DEOPT PACKING pc=0x000001d0993151b4 sp=0x00000068f8cfe240
Event: 8.885 Thread 0x000001d0a9b5c920 DEOPT UNPACKING pc=0x000001d0984b66e3 sp=0x00000068f8cfd718 mode 0
Event: 8.885 Thread 0x000001d0a9b5c920 DEOPT PACKING pc=0x000001d09930dc7c sp=0x00000068f8cfe2f0
Event: 8.885 Thread 0x000001d0a9b5c920 DEOPT UNPACKING pc=0x000001d0984b66e3 sp=0x00000068f8cfd870 mode 0
Event: 8.885 Thread 0x000001d0a9b5c920 DEOPT PACKING pc=0x000001d09936231c sp=0x00000068f8cfe610
Event: 8.885 Thread 0x000001d0a9b5c920 DEOPT UNPACKING pc=0x000001d0984b66e3 sp=0x00000068f8cfdaa0 mode 0
Event: 1717.552 Thread 0x000001d0a9ad5f60 DEOPT PACKING pc=0x000001d098b3d7d4 sp=0x00000068f8aff190
Event: 1717.552 Thread 0x000001d0a9ad5f60 DEOPT UNPACKING pc=0x000001d0984b66e3 sp=0x00000068f8afe618 mode 0
Event: 2985.997 Thread 0x000001d0a9ea1f30 DEOPT PACKING pc=0x000001d099650c74 sp=0x00000068fa3fdb30
Event: 2985.997 Thread 0x000001d0a9ea1f30 DEOPT UNPACKING pc=0x000001d0984b66e3 sp=0x00000068fa3fd020 mode 3

Classes unloaded (20 events):
Event: 136.303 Thread 0x000001d0a8435af0 Unloading class 0x00000008000d0800 'java/lang/invoke/LambdaForm$MH+0x00000008000d0800'
Event: 136.303 Thread 0x000001d0a8435af0 Unloading class 0x00000008000d0400 'java/lang/invoke/LambdaForm$MH+0x00000008000d0400'
Event: 136.303 Thread 0x000001d0a8435af0 Unloading class 0x00000008000d0000 'java/lang/invoke/LambdaForm$MH+0x00000008000d0000'
Event: 136.303 Thread 0x000001d0a8435af0 Unloading class 0x00000008000cb800 'java/lang/invoke/LambdaForm$MH+0x00000008000cb800'
Event: 136.303 Thread 0x000001d0a8435af0 Unloading class 0x00000008000cb400 'java/lang/invoke/LambdaForm$MH+0x00000008000cb400'
Event: 136.303 Thread 0x000001d0a8435af0 Unloading class 0x00000008000cb000 'java/lang/invoke/LambdaForm$MH+0x00000008000cb000'
Event: 136.303 Thread 0x000001d0a8435af0 Unloading class 0x00000008000cac00 'java/lang/invoke/LambdaForm$MH+0x00000008000cac00'
Event: 136.303 Thread 0x000001d0a8435af0 Unloading class 0x00000008000ca800 'java/lang/invoke/LambdaForm$MH+0x00000008000ca800'
Event: 136.303 Thread 0x000001d0a8435af0 Unloading class 0x00000008000ca400 'java/lang/invoke/LambdaForm$MH+0x00000008000ca400'
Event: 136.303 Thread 0x000001d0a8435af0 Unloading class 0x00000008000c9c00 'java/lang/invoke/LambdaForm$MH+0x00000008000c9c00'
Event: 136.303 Thread 0x000001d0a8435af0 Unloading class 0x00000008000c9400 'java/lang/invoke/LambdaForm$MH+0x00000008000c9400'
Event: 136.303 Thread 0x000001d0a8435af0 Unloading class 0x00000008000c8c00 'java/lang/invoke/LambdaForm$MH+0x00000008000c8c00'
Event: 136.303 Thread 0x000001d0a8435af0 Unloading class 0x00000008000c8400 'java/lang/invoke/LambdaForm$MH+0x00000008000c8400'
Event: 3089.380 Thread 0x000001d0a8435af0 Unloading class 0x000000080057d000 'java/lang/invoke/LambdaForm$MH+0x000000080057d000'
Event: 3089.380 Thread 0x000001d0a8435af0 Unloading class 0x0000000800750000 'java/lang/invoke/LambdaForm$MH+0x0000000800750000'
Event: 3089.380 Thread 0x000001d0a8435af0 Unloading class 0x00000008008c0400 'java/lang/invoke/LambdaForm$MH+0x00000008008c0400'
Event: 3089.380 Thread 0x000001d0a8435af0 Unloading class 0x000000080093c800 'java/lang/invoke/LambdaForm$MH+0x000000080093c800'
Event: 4520.337 Thread 0x000001d0a8435af0 Unloading class 0x0000000800574400 'java/lang/invoke/LambdaForm$MH+0x0000000800574400'
Event: 4520.337 Thread 0x000001d0a8435af0 Unloading class 0x000000080093c800 'java/lang/invoke/LambdaForm$MH+0x000000080093c800'
Event: 4520.337 Thread 0x000001d0a8435af0 Unloading class 0x00000008008c0400 'java/lang/invoke/LambdaForm$MH+0x00000008008c0400'

Classes redefined (0 events):
No events

Internal exceptions (20 events):
Event: 2986.042 Thread 0x000001d0a9ea1f30 Exception <a 'sun/nio/fs/WindowsException'{0x000000070b14edb8}> (0x000000070b14edb8) 
thrown [s\src\hotspot\share\prims\jni.cpp, line 516]
Event: 2986.042 Thread 0x000001d0a9ea1f30 Exception <a 'sun/nio/fs/WindowsException'{0x000000070b14f858}> (0x000000070b14f858) 
thrown [s\src\hotspot\share\prims\jni.cpp, line 516]
Event: 2986.042 Thread 0x000001d0a9ea1f30 Exception <a 'sun/nio/fs/WindowsException'{0x000000070b150290}> (0x000000070b150290) 
thrown [s\src\hotspot\share\prims\jni.cpp, line 516]
Event: 2986.042 Thread 0x000001d0a9ea1f30 Exception <a 'sun/nio/fs/WindowsException'{0x000000070b150de0}> (0x000000070b150de0) 
thrown [s\src\hotspot\share\prims\jni.cpp, line 516]
Event: 2986.042 Thread 0x000001d0a9ea1f30 Exception <a 'sun/nio/fs/WindowsException'{0x000000070b1519a0}> (0x000000070b1519a0) 
thrown [s\src\hotspot\share\prims\jni.cpp, line 516]
Event: 2986.052 Thread 0x000001d0a9ea1f30 Exception <a 'sun/nio/fs/WindowsException'{0x000000070b1b6d40}> (0x000000070b1b6d40) 
thrown [s\src\hotspot\share\prims\jni.cpp, line 516]
Event: 2986.052 Thread 0x000001d0a9ea1f30 Exception <a 'sun/nio/fs/WindowsException'{0x000000070b1b77c8}> (0x000000070b1b77c8) 
thrown [s\src\hotspot\share\prims\jni.cpp, line 516]
Event: 2986.052 Thread 0x000001d0a9ea1f30 Exception <a 'sun/nio/fs/WindowsException'{0x000000070b1b8200}> (0x000000070b1b8200) 
thrown [s\src\hotspot\share\prims\jni.cpp, line 516]
Event: 2986.052 Thread 0x000001d0a9ea1f30 Exception <a 'sun/nio/fs/WindowsException'{0x000000070b1be478}> (0x000000070b1be478) 
thrown [s\src\hotspot\share\prims\jni.cpp, line 516]
Event: 2986.052 Thread 0x000001d0a9ea1f30 Exception <a 'sun/nio/fs/WindowsException'{0x000000070b1bf038}> (0x000000070b1bf038) 
thrown [s\src\hotspot\share\prims\jni.cpp, line 516]
Event: 2986.120 Thread 0x000001d0a9ea1f30 Exception <a 'sun/nio/fs/WindowsException'{0x0000000709e0e468}> (0x0000000709e0e468) 
thrown [s\src\hotspot\share\prims\jni.cpp, line 516]
Event: 2986.120 Thread 0x000001d0a9ea1f30 Exception <a 'sun/nio/fs/WindowsException'{0x0000000709e0ef08}> (0x0000000709e0ef08) 
thrown [s\src\hotspot\share\prims\jni.cpp, line 516]
Event: 2986.120 Thread 0x000001d0a9ea1f30 Exception <a 'sun/nio/fs/WindowsException'{0x0000000709e0f940}> (0x0000000709e0f940) 
thrown [s\src\hotspot\share\prims\jni.cpp, line 516]
Event: 2986.120 Thread 0x000001d0a9ea1f30 Exception <a 'sun/nio/fs/WindowsException'{0x0000000709e10490}> (0x0000000709e10490) 
thrown [s\src\hotspot\share\prims\jni.cpp, line 516]
Event: 2986.120 Thread 0x000001d0a9ea1f30 Exception <a 'sun/nio/fs/WindowsException'{0x0000000709e11050}> (0x0000000709e11050) 
thrown [s\src\hotspot\share\prims\jni.cpp, line 516]
Event: 2986.120 Thread 0x000001d0a9ea1f30 Exception <a 'sun/nio/fs/WindowsException'{0x0000000709e12240}> (0x0000000709e12240) 
thrown [s\src\hotspot\share\prims\jni.cpp, line 516]
Event: 2986.120 Thread 0x000001d0a9ea1f30 Exception <a 'sun/nio/fs/WindowsException'{0x0000000709e12cc8}> (0x0000000709e12cc8) 
thrown [s\src\hotspot\share\prims\jni.cpp, line 516]
Event: 2986.120 Thread 0x000001d0a9ea1f30 Exception <a 'sun/nio/fs/WindowsException'{0x0000000709e13700}> (0x0000000709e13700) 
thrown [s\src\hotspot\share\prims\jni.cpp, line 516]
Event: 2986.120 Thread 0x000001d0a9ea1f30 Exception <a 'sun/nio/fs/WindowsException'{0x0000000709e14250}> (0x0000000709e14250) 
thrown [s\src\hotspot\share\prims\jni.cpp, line 516]
Event: 2986.120 Thread 0x000001d0a9ea1f30 Exception <a 'sun/nio/fs/WindowsException'{0x0000000709e14e10}> (0x0000000709e14e10) 
thrown [s\src\hotspot\share\prims\jni.cpp, line 516]

VM Operations (20 events):
Event: 17290.150 Executing VM operation: G1CollectFull done
Event: 17300.218 Executing VM operation: G1CollectFull
Event: 17300.237 Executing VM operation: G1CollectFull done
Event: 17310.304 Executing VM operation: G1CollectFull
Event: 17310.323 Executing VM operation: G1CollectFull done
Event: 17320.387 Executing VM operation: G1CollectFull
Event: 17320.408 Executing VM operation: G1CollectFull done
Event: 17330.476 Executing VM operation: G1CollectFull
Event: 17330.498 Executing VM operation: G1CollectFull done
Event: 17340.563 Executing VM operation: G1CollectFull
Event: 17340.582 Executing VM operation: G1CollectFull done
Event: 17350.640 Executing VM operation: G1CollectFull
Event: 17350.659 Executing VM operation: G1CollectFull done
Event: 17360.718 Executing VM operation: G1CollectFull
Event: 17360.738 Executing VM operation: G1CollectFull done
Event: 17370.798 Executing VM operation: G1CollectFull
Event: 17370.817 Executing VM operation: G1CollectFull done
Event: 17380.880 Executing VM operation: G1CollectFull
Event: 17380.900 Executing VM operation: G1CollectFull done
Event: 17390.969 Executing VM operation: G1CollectFull

Events (20 events):
Event: 2987.462 Thread 0x000001d0ac0ff2e0 Thread added: 0x000001d0ac0ff2e0
Event: 2987.462 Thread 0x000001d0acf334a0 Thread exited: 0x000001d0acf334a0
Event: 2992.470 Thread 0x000001d0acf32570 Thread exited: 0x000001d0acf32570
Event: 3046.912 Thread 0x000001d0ac100af0 Thread exited: 0x000001d0ac100af0
Event: 3047.462 Thread 0x000001d0ac0fd130 Thread exited: 0x000001d0ac0fd130
Event: 3047.477 Thread 0x000001d0ac0ff2e0 Thread exited: 0x000001d0ac0ff2e0
Event: 4400.927 Thread 0x000001d0ac0fee10 Thread added: 0x000001d0ac0fee10
Event: 4401.552 Thread 0x000001d0ac101960 Thread added: 0x000001d0ac101960
Event: 4401.552 Thread 0x000001d0ac0fd600 Thread added: 0x000001d0ac0fd600
Event: 4461.571 Thread 0x000001d0ac101960 Thread exited: 0x000001d0ac101960
Event: 4461.571 Thread 0x000001d0ac0fd600 Thread exited: 0x000001d0ac0fd600
Event: 4479.012 Thread 0x000001d0ac0fd130 Thread added: 0x000001d0ac0fd130
Event: 4479.457 Thread 0x000001d0ac0fd600 Thread added: 0x000001d0ac0fd600
Event: 4479.459 Thread 0x000001d0ac0fb450 Thread added: 0x000001d0ac0fb450
Event: 4522.227 Thread 0x000001d0ac101960 Thread added: 0x000001d0ac101960
Event: 4531.628 Thread 0x000001d0acf339b0 Thread added: 0x000001d0acf339b0
Event: 4531.628 Thread 0x000001d0ac0ff2e0 Thread added: 0x000001d0ac0ff2e0
Event: 4537.487 Thread 0x000001d0acf339b0 Thread exited: 0x000001d0acf339b0
Event: 4539.465 Thread 0x000001d0ac0fd600 Thread exited: 0x000001d0ac0fd600
Event: 4592.480 Thread 0x000001d0ac0fb450 Thread exited: 0x000001d0ac0fb450


Dynamic libraries:
0x00007ff667d20000 - 0x00007ff667d2e000 	c:\Users\Md.Mahedi\.vscode\extensions\redhat.java-1.14.0-win32-x64\jre\17.0.5-win32-x86_64\bin\java.exe
0x00007ff89f3f0000 - 0x00007ff89f5e8000 	C:\Windows\SYSTEM32\ntdll.dll
0x00007ff89f080000 - 0x00007ff89f13f000 	C:\Windows\System32\KERNEL32.DLL
0x00007ff89cae0000 - 0x00007ff89cdb2000 	C:\Windows\System32\KERNELBASE.dll
0x00007ff89cdc0000 - 0x00007ff89cec0000 	C:\Windows\System32\ucrtbase.dll
0x00007ff896990000 - 0x00007ff8969a7000 	c:\Users\Md.Mahedi\.vscode\extensions\redhat.java-1.14.0-win32-x64\jre\17.0.5-win32-x86_64\bin\jli.dll
0x00007ff8969b0000 - 0x00007ff8969c9000 	c:\Users\Md.Mahedi\.vscode\extensions\redhat.java-1.14.0-win32-x64\jre\17.0.5-win32-x86_64\bin\VCRUNTIME140.dll
0x00007ff89dea0000 - 0x00007ff89e041000 	C:\Windows\System32\USER32.dll
0x00007ff89d350000 - 0x00007ff89d372000 	C:\Windows\System32\win32u.dll
0x00007ff88d0f0000 - 0x00007ff88d38a000 	C:\Windows\WinSxS\amd64_microsoft.windows.common-controls_6595b64144ccf1df_6.0.19041.1110_none_60b5254171f9507e\COMCTL32.dll
0x00007ff89d8f0000 - 0x00007ff89d91b000 	C:\Windows\System32\GDI32.dll
0x00007ff89d7a0000 - 0x00007ff89d83e000 	C:\Windows\System32\msvcrt.dll
0x00007ff89d150000 - 0x00007ff89d25f000 	C:\Windows\System32\gdi32full.dll
0x00007ff89d2b0000 - 0x00007ff89d34d000 	C:\Windows\System32\msvcp_win.dll
0x00007ff89f370000 - 0x00007ff89f3a2000 	C:\Windows\System32\IMM32.DLL
0x00007ff8910a0000 - 0x00007ff8910ac000 	c:\Users\Md.Mahedi\.vscode\extensions\redhat.java-1.14.0-win32-x64\jre\17.0.5-win32-x86_64\bin\vcruntime140_1.dll
0x00007ff87a940000 - 0x00007ff87a9d1000 	c:\Users\Md.Mahedi\.vscode\extensions\redhat.java-1.14.0-win32-x64\jre\17.0.5-win32-x86_64\bin\msvcp140.dll
0x00007ff835030000 - 0x00007ff835c74000 	c:\Users\Md.Mahedi\.vscode\extensions\redhat.java-1.14.0-win32-x64\jre\17.0.5-win32-x86_64\bin\server\jvm.dll
0x00007ff89d990000 - 0x00007ff89da3e000 	C:\Windows\System32\ADVAPI32.dll
0x00007ff89dcd0000 - 0x00007ff89dd6c000 	C:\Windows\System32\sechost.dll
0x00007ff89ef50000 - 0x00007ff89f075000 	C:\Windows\System32\RPCRT4.dll
0x00007ff897d50000 - 0x00007ff897d59000 	C:\Windows\SYSTEM32\WSOCK32.dll
0x00007ff8958f0000 - 0x00007ff895917000 	C:\Windows\SYSTEM32\WINMM.dll
0x00007ff897890000 - 0x00007ff89789a000 	C:\Windows\SYSTEM32\VERSION.dll
0x00007ff89ee80000 - 0x00007ff89eeeb000 	C:\Windows\System32\WS2_32.dll
0x00007ff89aba0000 - 0x00007ff89abb2000 	C:\Windows\SYSTEM32\kernel.appcore.dll
0x00007ff891090000 - 0x00007ff89109a000 	c:\Users\Md.Mahedi\.vscode\extensions\redhat.java-1.14.0-win32-x64\jre\17.0.5-win32-x86_64\bin\jimage.dll
0x00007ff89a8b0000 - 0x00007ff89aa94000 	C:\Windows\SYSTEM32\DBGHELP.DLL
0x00007ff88aa00000 - 0x00007ff88aa35000 	C:\Windows\SYSTEM32\dbgcore.DLL
0x00007ff89d0c0000 - 0x00007ff89d142000 	C:\Windows\System32\bcryptPrimitives.dll
0x00007ff88adf0000 - 0x00007ff88ae15000 	c:\Users\Md.Mahedi\.vscode\extensions\redhat.java-1.14.0-win32-x64\jre\17.0.5-win32-x86_64\bin\java.dll
0x00007ff88aab0000 - 0x00007ff88aac8000 	c:\Users\Md.Mahedi\.vscode\extensions\redhat.java-1.14.0-win32-x64\jre\17.0.5-win32-x86_64\bin\zip.dll
0x00007ff89e4c0000 - 0x00007ff89ec04000 	C:\Windows\System32\SHELL32.dll
0x00007ff89abc0000 - 0x00007ff89b352000 	C:\Windows\SYSTEM32\windows.storage.dll
0x00007ff89d430000 - 0x00007ff89d785000 	C:\Windows\System32\combase.dll
0x00007ff89c540000 - 0x00007ff89c570000 	C:\Windows\SYSTEM32\Wldp.dll
0x00007ff89da40000 - 0x00007ff89daed000 	C:\Windows\System32\SHCORE.dll
0x00007ff89eef0000 - 0x00007ff89ef45000 	C:\Windows\System32\shlwapi.dll
0x00007ff89ca20000 - 0x00007ff89ca3f000 	C:\Windows\SYSTEM32\profapi.dll
0x00007ff889e00000 - 0x00007ff889e19000 	C:\Users\Md.Mahedi\.vscode\extensions\redhat.java-1.14.0-win32-x64\jre\17.0.5-win32-x86_64\bin\net.dll
0x00007ff895f40000 - 0x00007ff89604c000 	C:\Windows\SYSTEM32\WINHTTP.dll
0x00007ff89c2a0000 - 0x00007ff89c30a000 	C:\Windows\system32\mswsock.dll
0x00007ff889d90000 - 0x00007ff889da5000 	C:\Users\Md.Mahedi\.vscode\extensions\redhat.java-1.14.0-win32-x64\jre\17.0.5-win32-x86_64\bin\nio.dll
0x00007ff889c60000 - 0x00007ff889c70000 	c:\Users\Md.Mahedi\.vscode\extensions\redhat.java-1.14.0-win32-x64\jre\17.0.5-win32-x86_64\bin\verify.dll
0x00007ff89c490000 - 0x00007ff89c4a8000 	C:\Windows\SYSTEM32\CRYPTSP.dll
0x00007ff89bae0000 - 0x00007ff89bb14000 	C:\Windows\system32\rsaenh.dll
0x00007ff89cec0000 - 0x00007ff89cee7000 	C:\Windows\System32\bcrypt.dll
0x00007ff89c9a0000 - 0x00007ff89c9ce000 	C:\Windows\SYSTEM32\USERENV.dll
0x00007ff89c4b0000 - 0x00007ff89c4bc000 	C:\Windows\SYSTEM32\CRYPTBASE.dll
0x00007ff89bf40000 - 0x00007ff89bf7b000 	C:\Windows\SYSTEM32\IPHLPAPI.DLL
0x00007ff89dba0000 - 0x00007ff89dba8000 	C:\Windows\System32\NSI.dll
0x00007ff8968e0000 - 0x00007ff8968f7000 	C:\Windows\SYSTEM32\dhcpcsvc6.DLL
0x00007ff896850000 - 0x00007ff89686d000 	C:\Windows\SYSTEM32\dhcpcsvc.DLL
0x00007ff89bf80000 - 0x00007ff89c04a000 	C:\Windows\SYSTEM32\DNSAPI.dll
0x00007ff8895a0000 - 0x00007ff8895a9000 	C:\Users\Md.Mahedi\.vscode\extensions\redhat.java-1.14.0-win32-x64\jre\17.0.5-win32-x86_64\bin\management.dll
0x00007ff889590000 - 0x00007ff88959b000 	C:\Users\Md.Mahedi\.vscode\extensions\redhat.java-1.14.0-win32-x64\jre\17.0.5-win32-x86_64\bin\management_ext.dll
0x00007ff89d920000 - 0x00007ff89d928000 	C:\Windows\System32\PSAPI.DLL
0x00007ff87b8e0000 - 0x00007ff87b8ee000 	C:\Users\Md.Mahedi\.vscode\extensions\redhat.java-1.14.0-win32-x64\jre\17.0.5-win32-x86_64\bin\sunmscapi.dll
0x00007ff89cef0000 - 0x00007ff89d046000 	C:\Windows\System32\CRYPT32.dll
0x00007ff89c5b0000 - 0x00007ff89c5d7000 	C:\Windows\SYSTEM32\ncrypt.dll
0x00007ff89c570000 - 0x00007ff89c5ab000 	C:\Windows\SYSTEM32\NTASN1.dll
0x00007ff894ff0000 - 0x00007ff894ffa000 	C:\Windows\System32\rasadhlp.dll
0x00007ff8953d0000 - 0x00007ff895450000 	C:\Windows\System32\fwpuclnt.dll
0x000000006c500000 - 0x000000006c5c7000 	C:\Users\Md.Mahedi\AppData\Local\Temp\snappy-1.1.8-727d315a-2255-4450-9dd1-e94255220715-snappyjava.dll

dbghelp: loaded successfully - version: 4.0.5 - missing functions: none
symbol engine: initialized successfully - sym options: 0x614 - pdb path: .;c:\Users\Md.Mahedi\.vscode\extensions\redhat.java-1.14.0-win32-x64\jre\17.0.5-win32-x86_64\bin;C:\Windows\SYSTEM32;C:\Windows\WinSxS\amd64_microsoft.windows.common-controls_6595b64144ccf1df_6.0.19041.1110_none_60b5254171f9507e;c:\Users\Md.Mahedi\.vscode\extensions\redhat.java-1.14.0-win32-x64\jre\17.0.5-win32-x86_64\bin\server;C:\Users\Md.Mahedi\AppData\Local\Temp

VM Arguments:
jvm_args: -Dsts.lsp.client=vscode -Dsts.log.file=/dev/null -XX:TieredStopAtLevel=1 -Xlog:jni+resolve=off -Dspring.config.location=file:c:\Users\Md.Mahedi\.vscode\extensions\pivotal.vscode-spring-boot-1.43.0\language-server\BOOT-INF\classes\application.properties 
java_command: org.springframework.ide.vscode.boot.app.BootLanguageServerBootApp
java_class_path (initial): c:\Users\Md.Mahedi\.vscode\extensions\pivotal.vscode-spring-boot-1.43.0\language-server\BOOT-INF\classes;c:\Users\Md.Mahedi\.vscode\extensions\pivotal.vscode-spring-boot-1.43.0\language-server\BOOT-INF\lib\annotations-23.1.0.jar;c:\Users\Md.Mahedi\.vscode\extensions\pivotal.vscode-spring-boot-1.43.0\language-server\BOOT-INF\lib\ant-1.10.12.jar;c:\Users\Md.Mahedi\.vscode\extensions\pivotal.vscode-spring-boot-1.43.0\language-server\BOOT-INF\lib\ant-launcher-1.10.12.jar;c:\Users\Md.Mahedi\.vscode\extensions\pivotal.vscode-spring-boot-1.43.0\language-server\BOOT-INF\lib\antlr-runtime-3.5.2.jar;c:\Users\Md.Mahedi\.vscode\extensions\pivotal.vscode-spring-boot-1.43.0\language-server\BOOT-INF\lib\antlr4-4.9.3.jar;c:\Users\Md.Mahedi\.vscode\extensions\pivotal.vscode-spring-boot-1.43.0\language-server\BOOT-INF\lib\antlr4-runtime-4.9.3.jar;c:\Users\Md.Mahedi\.vscode\extensions\pivotal.vscode-spring-boot-1.43.0\language-server\BOOT-INF\lib\apiguardian-api-1.1.2.jar;c:\Users\Md.Mahedi\.vscode\extensions\pivotal.vscode-spring-boot-1.43.0\language-server\BOOT-INF\lib\asm-9.4.jar;c:\Users\Md.Mahedi\.vscode\extensions\pivotal.vscode-spring-boot-1.43.0\language-server\BOOT-INF\lib\asm-analysis-9.4.jar;c:\Users\Md.Mahedi\.vscode\extensions\pivotal.vscode-spring-boot-1.43.0\language-server\BOOT-INF\lib\asm-tree-9.4.jar;c:\Users\Md.Mahedi\.vscode\extensions\pivotal.vscode-spring-boot-1.43.0\language-server\BOOT-INF\lib\asm-util-9.4.jar;c:\Users\Md.Mahedi\.vscode\extensions\pivotal.vscode-spring-boot-1.43.0\language-server\BOOT-INF\lib\caffeine-3.1.2.jar;c:\Users\Md.Mahedi\.vscode\extensions\pivotal.vscode-spring-boot-1.43.0\language-server\BOOT-INF\lib\checker-qual-3.12.0.jar;c:\Users\Md.Mahedi\.vscode\extensions\pivotal.vscode-spring-boot-1.43.0\language-server\BOOT-INF\lib\ci-environment-9.1.0.jar;c:\Users\Md.Mahedi\.vscode\extensions\pivotal.vscode-spring-boot-1.43.0\language-server\BOOT-INF\lib\classgraph-4.8.149.jar;c:\Users\Md.Mahedi\.vscode\extensions
Launcher Type: SUN_STANDARD

[Global flags]
     intx CICompilerCount                          = 4                                         {product} {ergonomic}
     uint ConcGCThreads                            = 3                                         {product} {ergonomic}
     uint G1ConcRefinementThreads                  = 10                                        {product} {ergonomic}
   size_t G1HeapRegionSize                         = 2097152                                   {product} {ergonomic}
    uintx GCDrainStackTargetSize                   = 64                                        {product} {ergonomic}
   size_t InitialHeapSize                          = 266338304                                 {product} {ergonomic}
   size_t MarkStackSize                            = 4194304                                   {product} {ergonomic}
   size_t MaxHeapSize                              = 4234149888                                {product} {ergonomic}
   size_t MaxNewSize                               = 2539651072                                {product} {ergonomic}
   size_t MinHeapDeltaBytes                        = 2097152                                   {product} {ergonomic}
   size_t MinHeapSize                              = 8388608                                   {product} {ergonomic}
    uintx NonProfiledCodeHeapSize                  = 0                                      {pd product} {ergonomic}
     bool ProfileInterpreter                       = false                                  {pd product} {command line}
    uintx ProfiledCodeHeapSize                     = 0                                      {pd product} {ergonomic}
   size_t SoftMaxHeapSize                          = 4234149888                             {manageable} {ergonomic}
     intx TieredStopAtLevel                        = 1                                         {product} {command line}
     bool UseCompressedClassPointers               = true                           {product lp64_product} {ergonomic}
     bool UseCompressedOops                        = true                           {product lp64_product} {ergonomic}
     bool UseG1GC                                  = true                                      {product} {ergonomic}
     bool UseLargePagesIndividualAllocation        = false                                  {pd product} {ergonomic}

Logging:
Log output configuration:
 #0: stdout all=warning,jni+resolve=off uptime,level,tags
 #1: stderr all=off uptime,level,tags

Environment Variables:
JAVA_HOME=C:\Program Files\Java\jdk1.8.0_202
PATH=C:\Program Files\Common Files\Oracle\Java\javapath;C:\Program Files (x86)\Common Files\Oracle\Java\javapath;C:\Windows\system32;C:\Windows;C:\Windows\System32\Wbem;C:\Windows\System32\WindowsPowerShell\v1.0\;C:\Windows\System32\OpenSSH\;C:\Program Files\Git\cmd;C:\Program Files\Java\jdk1.8.0_202\bin;C:\Python27;C:\Program Files (x86)\Yarn\bin\;C:\Users\Md.Mahedi\AppData\Roaming\nvm;C:\Program Files\nodejs;C:\HashiCorp\Vagrant\bin;C:\Program Files\PostgreSQL\9.6\bin;C:\Program Files (x86)\MySQL\MySQL Server 5.6\bin;C:\Program Files\nodejs\;C:\Program Files (x86)\Bitvise SSH Client;C:\Program Files\MySQL\MySQL Shell 8.0\bin\;C:\Users\Md.Mahedi\AppData\Local\Microsoft\WindowsApps;C:\Program Files (x86)\SSH Communications Security\SSH Secure Shell;C:\Users\Md.Mahedi\AppData\Local\Programs\Microsoft VS Code\bin;C:\Users\Md.Mahedi\AppData\Local\Yarn\bin;C:\Users\Md.Mahedi\AppData\Roaming\nvm;C:\Program Files\nodejs;C:\Users\Md.Mahedi\AppData\Local\GitHubDesktop\bin;C:\Users\Md.Mahedi\AppData\Roaming\npm
USERNAME=Md.Mahedi
OS=Windows_NT
PROCESSOR_IDENTIFIER=Intel64 Family 6 Model 167 Stepping 1, GenuineIntel
TMP=C:\Users\MD11D5~1.MAH\AppData\Local\Temp
TEMP=C:\Users\MD11D5~1.MAH\AppData\Local\Temp



---------------  S Y S T E M  ---------------

OS:
 Windows 10 , 64 bit Build 19041 (10.0.19041.2364)
OS uptime: 2 days 23:57 hours

CPU: total 12 (initial active 12) (6 cores per cpu, 2 threads per core) family 6 model 167 stepping 1 microcode 0x3c, cx8, cmov, fxsr, ht, mmx, 3dnowpref, sse, sse2, sse3, ssse3, sse4.1, sse4.2, popcnt, lzcnt, tsc, tscinvbit, avx, avx2, aes, erms, clmul, bmi1, bmi2, adx, avx512f, avx512dq, avx512cd, avx512bw, avx512vl, sha, fma, vzeroupper, avx512_vpopcntdq, avx512_vpclmulqdq, avx512_vaes, avx512_vnni, clflush, clflushopt, avx512_vbmi2, avx512_vbmi

Memory: 4k page, system-wide physical 16149M (335M free)
TotalPageFile size 48258M (AvailPageFile size 9M)
current process WorkingSet (physical memory assigned to process): 81M, peak: 1383M
current process commit charge ("private bytes"): 347M, peak: 1476M

vm_info: OpenJDK 64-Bit Server VM (17.0.5+8) for windows-amd64 JRE (17.0.5+8), built on Oct 19 2022 04:48:13 by "temurin" with MS VC++ 16.7 (VS2019)

END.
