#
# There is insufficient memory for the Java Runtime Environment to continue.
# Native memory allocation (malloc) failed to allocate 32744 bytes for ChunkPool::allocate
# Possible reasons:
#   The system is out of physical RAM or swap space
#   The process is running with CompressedOops enabled, and the Java Heap may be blocking the growth of the native heap
# Possible solutions:
#   Reduce memory load on the system
#   Increase physical memory or swap space
#   Check if swap backing store is full
#   Decrease Java heap size (-Xmx/-Xms)
#   Decrease number of Java threads
#   Decrease Java thread stack sizes (-Xss)
#   Set larger code cache with -XX:ReservedCodeCacheSize=
#   JVM is running with Zero Based Compressed Oops mode in which the Java heap is
#     placed in the first 32GB address space. The Java Heap base address is the
#     maximum limit for the native heap growth. Please use -XX:HeapBaseMinAddress
#     to set the Java Heap base and to place the Java Heap above 32GB virtual address.
# This output file may be truncated or incomplete.
#
#  Out of Memory Error (arena.cpp:78), pid=2788, tid=6996
#
# JRE version: OpenJDK Runtime Environment Temurin-17.0.5+8 (17.0.5+8) (build 17.0.5+8)
# Java VM: OpenJDK 64-Bit Server VM Temurin-17.0.5+8 (17.0.5+8, mixed mode, emulated-client, tiered, compressed oops, compressed class ptrs, g1 gc, windows-amd64)
# No core dump will be written. Minidumps are not enabled by default on client versions of Windows
#

---------------  S U M M A R Y ------------

Command Line: -Dsts.lsp.client=vscode -Dsts.log.file=/dev/null -XX:TieredStopAtLevel=1 -Xlog:jni+resolve=off -Dspring.config.location=file:c:\Users\Md.Mahedi\.vscode\extensions\pivotal.vscode-spring-boot-1.43.0\language-server\BOOT-INF\classes\application.properties org.springframework.ide.vscode.boot.app.BootLanguageServerBootApp

Host: 11th Gen Intel(R) Core(TM) i5-11400 @ 2.60GHz, 12 cores, 15G,  Windows 10 , 64 bit Build 19041 (10.0.19041.2364)
Time: Sat Jan 21 13:57:16 2023 Bangladesh Standard Time elapsed time: 1.164137 seconds (0d 0h 0m 1s)

---------------  T H R E A D  ---------------

Current thread (0x00000262db4899c0):  JavaThread "C1 CompilerThread0" daemon [_thread_in_native, id=6996, stack(0x00000079c5f00000,0x00000079c6000000)]


Current CompileTask:
C1:   1164  599       1       java.net.URLStreamHandler::parseURL (1201 bytes)

Stack: [0x00000079c5f00000,0x00000079c6000000]
Native frames: (J=compiled Java code, j=interpreted, Vv=VM code, C=native code)
V  [jvm.dll+0x676b3a]
V  [jvm.dll+0x831444]
V  [jvm.dll+0x832bee]
V  [jvm.dll+0x833253]
V  [jvm.dll+0x244ce5]
V  [jvm.dll+0xabdcc]
V  [jvm.dll+0xac17c]
V  [jvm.dll+0x177c7a]
V  [jvm.dll+0x179d31]
V  [jvm.dll+0x1344f3]
V  [jvm.dll+0x133def]
V  [jvm.dll+0x134026]
V  [jvm.dll+0x1334ba]
V  [jvm.dll+0x135181]
V  [jvm.dll+0x22698a]
V  [jvm.dll+0x224ac5]
V  [jvm.dll+0x7e727b]
V  [jvm.dll+0x7e17ea]
V  [jvm.dll+0x6759e5]
C  [ucrtbase.dll+0x21bb2]
C  [KERNEL32.DLL+0x17614]
C  [ntdll.dll+0x526a1]


---------------  P R O C E S S  ---------------

Threads class SMR info:
_java_thread_list=0x00000262db6a2030, length=12, elements={
0x00000262c8544f10, 0x00000262db446740, 0x00000262db447200, 0x00000262db482130,
0x00000262db482bf0, 0x00000262db4855c0, 0x00000262db4884a0, 0x00000262db4899c0,
0x00000262db48b070, 0x00000262db5030d0, 0x00000262db69cc90, 0x00000262db6a2c30
}

Java Threads: ( => current thread )
  0x00000262c8544f10 JavaThread "main" [_thread_in_vm, id=14236, stack(0x00000079c5200000,0x00000079c5300000)]
  0x00000262db446740 JavaThread "Reference Handler" daemon [_thread_blocked, id=9132, stack(0x00000079c5900000,0x00000079c5a00000)]
  0x00000262db447200 JavaThread "Finalizer" daemon [_thread_blocked, id=16432, stack(0x00000079c5a00000,0x00000079c5b00000)]
  0x00000262db482130 JavaThread "Signal Dispatcher" daemon [_thread_blocked, id=17056, stack(0x00000079c5b00000,0x00000079c5c00000)]
  0x00000262db482bf0 JavaThread "Attach Listener" daemon [_thread_blocked, id=15192, stack(0x00000079c5c00000,0x00000079c5d00000)]
  0x00000262db4855c0 JavaThread "Service Thread" daemon [_thread_blocked, id=13892, stack(0x00000079c5d00000,0x00000079c5e00000)]
  0x00000262db4884a0 JavaThread "Monitor Deflation Thread" daemon [_thread_blocked, id=7900, stack(0x00000079c5e00000,0x00000079c5f00000)]
=>0x00000262db4899c0 JavaThread "C1 CompilerThread0" daemon [_thread_in_native, id=6996, stack(0x00000079c5f00000,0x00000079c6000000)]
  0x00000262db48b070 JavaThread "Sweeper thread" daemon [_thread_blocked, id=924, stack(0x00000079c6000000,0x00000079c6100000)]
  0x00000262db5030d0 JavaThread "C1 CompilerThread1" daemon [_thread_blocked, id=19160, stack(0x00000079c6100000,0x00000079c6200000)]
  0x00000262db69cc90 JavaThread "Notification Thread" daemon [_thread_blocked, id=1476, stack(0x00000079c6200000,0x00000079c6300000)]
  0x00000262db6a2c30 JavaThread "Common-Cleaner" daemon [_thread_blocked, id=320, stack(0x00000079c6400000,0x00000079c6500000)]

Other Threads:
  0x00000262db432b00 VMThread "VM Thread" [stack: 0x00000079c5800000,0x00000079c5900000] [id=16588]
  0x00000262db69d980 WatcherThread [stack: 0x00000079c6300000,0x00000079c6400000] [id=2016]
  0x00000262c85b1600 GCTaskThread "GC Thread#0" [stack: 0x00000079c5300000,0x00000079c5400000] [id=14056]
  0x00000262c85c2190 ConcurrentGCThread "G1 Main Marker" [stack: 0x00000079c5400000,0x00000079c5500000] [id=14340]
  0x00000262c85c2ba0 ConcurrentGCThread "G1 Conc#0" [stack: 0x00000079c5500000,0x00000079c5600000] [id=11748]
  0x00000262da6e44f0 ConcurrentGCThread "G1 Refine#0" [stack: 0x00000079c5600000,0x00000079c5700000] [id=13144]
  0x00000262da6e4f10 ConcurrentGCThread "G1 Service" [stack: 0x00000079c5700000,0x00000079c5800000] [id=14168]

Threads with active compile tasks:
C1 CompilerThread0     1292  599       1       java.net.URLStreamHandler::parseURL (1201 bytes)

VM state: not at safepoint (normal execution)

VM Mutex/Monitor currently owned by a thread: None

Heap address: 0x0000000703a00000, size: 4038 MB, Compressed Oops mode: Zero based, Oop shift amount: 3

CDS archive(s) not mapped
Compressed class space mapped at: 0x0000000800000000-0x0000000840000000, reserved size: 1073741824
Narrow klass base: 0x0000000800000000, Narrow klass shift: 0, Narrow klass range: 0x40000000

GC Precious Log:
 CPUs: 12 total, 12 available
 Memory: 16149M
 Large Page Support: Disabled
 NUMA Support: Disabled
 Compressed Oops: Enabled (Zero based)
 Heap Region Size: 2M
 Heap Min Capacity: 8M
 Heap Initial Capacity: 254M
 Heap Max Capacity: 4038M
 Pre-touch: Disabled
 Parallel Workers: 10
 Concurrent Workers: 3
 Concurrent Refinement Workers: 10
 Periodic GC: Disabled

Heap:
 garbage-first heap   total 260096K, used 14336K [0x0000000703a00000, 0x0000000800000000)
  region size 2048K, 8 young (16384K), 0 survivors (0K)
 Metaspace       used 6948K, committed 7104K, reserved 1056768K
  class space    used 722K, committed 832K, reserved 1048576K

Heap Regions: E=young(eden), S=young(survivor), O=old, HS=humongous(starts), HC=humongous(continues), CS=collection set, F=free, OA=open archive, CA=closed archive, TAMS=top-at-mark-start (previous, next)
|   0|0x0000000703a00000, 0x0000000703a00000, 0x0000000703c00000|  0%| F|  |TAMS 0x0000000703a00000, 0x0000000703a00000| Untracked 
|   1|0x0000000703c00000, 0x0000000703c00000, 0x0000000703e00000|  0%| F|  |TAMS 0x0000000703c00000, 0x0000000703c00000| Untracked 
|   2|0x0000000703e00000, 0x0000000703e00000, 0x0000000704000000|  0%| F|  |TAMS 0x0000000703e00000, 0x0000000703e00000| Untracked 
|   3|0x0000000704000000, 0x0000000704000000, 0x0000000704200000|  0%| F|  |TAMS 0x0000000704000000, 0x0000000704000000| Untracked 
|   4|0x0000000704200000, 0x0000000704200000, 0x0000000704400000|  0%| F|  |TAMS 0x0000000704200000, 0x0000000704200000| Untracked 
|   5|0x0000000704400000, 0x0000000704400000, 0x0000000704600000|  0%| F|  |TAMS 0x0000000704400000, 0x0000000704400000| Untracked 
|   6|0x0000000704600000, 0x0000000704600000, 0x0000000704800000|  0%| F|  |TAMS 0x0000000704600000, 0x0000000704600000| Untracked 
|   7|0x0000000704800000, 0x0000000704800000, 0x0000000704a00000|  0%| F|  |TAMS 0x0000000704800000, 0x0000000704800000| Untracked 
|   8|0x0000000704a00000, 0x0000000704a00000, 0x0000000704c00000|  0%| F|  |TAMS 0x0000000704a00000, 0x0000000704a00000| Untracked 
|   9|0x0000000704c00000, 0x0000000704c00000, 0x0000000704e00000|  0%| F|  |TAMS 0x0000000704c00000, 0x0000000704c00000| Untracked 
|  10|0x0000000704e00000, 0x0000000704e00000, 0x0000000705000000|  0%| F|  |TAMS 0x0000000704e00000, 0x0000000704e00000| Untracked 
|  11|0x0000000705000000, 0x0000000705000000, 0x0000000705200000|  0%| F|  |TAMS 0x0000000705000000, 0x0000000705000000| Untracked 
|  12|0x0000000705200000, 0x0000000705200000, 0x0000000705400000|  0%| F|  |TAMS 0x0000000705200000, 0x0000000705200000| Untracked 
|  13|0x0000000705400000, 0x0000000705400000, 0x0000000705600000|  0%| F|  |TAMS 0x0000000705400000, 0x0000000705400000| Untracked 
|  14|0x0000000705600000, 0x0000000705600000, 0x0000000705800000|  0%| F|  |TAMS 0x0000000705600000, 0x0000000705600000| Untracked 
|  15|0x0000000705800000, 0x0000000705800000, 0x0000000705a00000|  0%| F|  |TAMS 0x0000000705800000, 0x0000000705800000| Untracked 
|  16|0x0000000705a00000, 0x0000000705a00000, 0x0000000705c00000|  0%| F|  |TAMS 0x0000000705a00000, 0x0000000705a00000| Untracked 
|  17|0x0000000705c00000, 0x0000000705c00000, 0x0000000705e00000|  0%| F|  |TAMS 0x0000000705c00000, 0x0000000705c00000| Untracked 
|  18|0x0000000705e00000, 0x0000000705e00000, 0x0000000706000000|  0%| F|  |TAMS 0x0000000705e00000, 0x0000000705e00000| Untracked 
|  19|0x0000000706000000, 0x0000000706000000, 0x0000000706200000|  0%| F|  |TAMS 0x0000000706000000, 0x0000000706000000| Untracked 
|  20|0x0000000706200000, 0x0000000706200000, 0x0000000706400000|  0%| F|  |TAMS 0x0000000706200000, 0x0000000706200000| Untracked 
|  21|0x0000000706400000, 0x0000000706400000, 0x0000000706600000|  0%| F|  |TAMS 0x0000000706400000, 0x0000000706400000| Untracked 
|  22|0x0000000706600000, 0x0000000706600000, 0x0000000706800000|  0%| F|  |TAMS 0x0000000706600000, 0x0000000706600000| Untracked 
|  23|0x0000000706800000, 0x0000000706800000, 0x0000000706a00000|  0%| F|  |TAMS 0x0000000706800000, 0x0000000706800000| Untracked 
|  24|0x0000000706a00000, 0x0000000706a00000, 0x0000000706c00000|  0%| F|  |TAMS 0x0000000706a00000, 0x0000000706a00000| Untracked 
|  25|0x0000000706c00000, 0x0000000706c00000, 0x0000000706e00000|  0%| F|  |TAMS 0x0000000706c00000, 0x0000000706c00000| Untracked 
|  26|0x0000000706e00000, 0x0000000706e00000, 0x0000000707000000|  0%| F|  |TAMS 0x0000000706e00000, 0x0000000706e00000| Untracked 
|  27|0x0000000707000000, 0x0000000707000000, 0x0000000707200000|  0%| F|  |TAMS 0x0000000707000000, 0x0000000707000000| Untracked 
|  28|0x0000000707200000, 0x0000000707200000, 0x0000000707400000|  0%| F|  |TAMS 0x0000000707200000, 0x0000000707200000| Untracked 
|  29|0x0000000707400000, 0x0000000707400000, 0x0000000707600000|  0%| F|  |TAMS 0x0000000707400000, 0x0000000707400000| Untracked 
|  30|0x0000000707600000, 0x0000000707600000, 0x0000000707800000|  0%| F|  |TAMS 0x0000000707600000, 0x0000000707600000| Untracked 
|  31|0x0000000707800000, 0x0000000707800000, 0x0000000707a00000|  0%| F|  |TAMS 0x0000000707800000, 0x0000000707800000| Untracked 
|  32|0x0000000707a00000, 0x0000000707a00000, 0x0000000707c00000|  0%| F|  |TAMS 0x0000000707a00000, 0x0000000707a00000| Untracked 
|  33|0x0000000707c00000, 0x0000000707c00000, 0x0000000707e00000|  0%| F|  |TAMS 0x0000000707c00000, 0x0000000707c00000| Untracked 
|  34|0x0000000707e00000, 0x0000000707e00000, 0x0000000708000000|  0%| F|  |TAMS 0x0000000707e00000, 0x0000000707e00000| Untracked 
|  35|0x0000000708000000, 0x0000000708000000, 0x0000000708200000|  0%| F|  |TAMS 0x0000000708000000, 0x0000000708000000| Untracked 
|  36|0x0000000708200000, 0x0000000708200000, 0x0000000708400000|  0%| F|  |TAMS 0x0000000708200000, 0x0000000708200000| Untracked 
|  37|0x0000000708400000, 0x0000000708400000, 0x0000000708600000|  0%| F|  |TAMS 0x0000000708400000, 0x0000000708400000| Untracked 
|  38|0x0000000708600000, 0x0000000708600000, 0x0000000708800000|  0%| F|  |TAMS 0x0000000708600000, 0x0000000708600000| Untracked 
|  39|0x0000000708800000, 0x0000000708800000, 0x0000000708a00000|  0%| F|  |TAMS 0x0000000708800000, 0x0000000708800000| Untracked 
|  40|0x0000000708a00000, 0x0000000708a00000, 0x0000000708c00000|  0%| F|  |TAMS 0x0000000708a00000, 0x0000000708a00000| Untracked 
|  41|0x0000000708c00000, 0x0000000708c00000, 0x0000000708e00000|  0%| F|  |TAMS 0x0000000708c00000, 0x0000000708c00000| Untracked 
|  42|0x0000000708e00000, 0x0000000708e00000, 0x0000000709000000|  0%| F|  |TAMS 0x0000000708e00000, 0x0000000708e00000| Untracked 
|  43|0x0000000709000000, 0x0000000709000000, 0x0000000709200000|  0%| F|  |TAMS 0x0000000709000000, 0x0000000709000000| Untracked 
|  44|0x0000000709200000, 0x0000000709200000, 0x0000000709400000|  0%| F|  |TAMS 0x0000000709200000, 0x0000000709200000| Untracked 
|  45|0x0000000709400000, 0x0000000709400000, 0x0000000709600000|  0%| F|  |TAMS 0x0000000709400000, 0x0000000709400000| Untracked 
|  46|0x0000000709600000, 0x0000000709600000, 0x0000000709800000|  0%| F|  |TAMS 0x0000000709600000, 0x0000000709600000| Untracked 
|  47|0x0000000709800000, 0x0000000709800000, 0x0000000709a00000|  0%| F|  |TAMS 0x0000000709800000, 0x0000000709800000| Untracked 
|  48|0x0000000709a00000, 0x0000000709a00000, 0x0000000709c00000|  0%| F|  |TAMS 0x0000000709a00000, 0x0000000709a00000| Untracked 
|  49|0x0000000709c00000, 0x0000000709c00000, 0x0000000709e00000|  0%| F|  |TAMS 0x0000000709c00000, 0x0000000709c00000| Untracked 
|  50|0x0000000709e00000, 0x0000000709e00000, 0x000000070a000000|  0%| F|  |TAMS 0x0000000709e00000, 0x0000000709e00000| Untracked 
|  51|0x000000070a000000, 0x000000070a000000, 0x000000070a200000|  0%| F|  |TAMS 0x000000070a000000, 0x000000070a000000| Untracked 
|  52|0x000000070a200000, 0x000000070a200000, 0x000000070a400000|  0%| F|  |TAMS 0x000000070a200000, 0x000000070a200000| Untracked 
|  53|0x000000070a400000, 0x000000070a400000, 0x000000070a600000|  0%| F|  |TAMS 0x000000070a400000, 0x000000070a400000| Untracked 
|  54|0x000000070a600000, 0x000000070a600000, 0x000000070a800000|  0%| F|  |TAMS 0x000000070a600000, 0x000000070a600000| Untracked 
|  55|0x000000070a800000, 0x000000070a800000, 0x000000070aa00000|  0%| F|  |TAMS 0x000000070a800000, 0x000000070a800000| Untracked 
|  56|0x000000070aa00000, 0x000000070aa00000, 0x000000070ac00000|  0%| F|  |TAMS 0x000000070aa00000, 0x000000070aa00000| Untracked 
|  57|0x000000070ac00000, 0x000000070ac00000, 0x000000070ae00000|  0%| F|  |TAMS 0x000000070ac00000, 0x000000070ac00000| Untracked 
|  58|0x000000070ae00000, 0x000000070ae00000, 0x000000070b000000|  0%| F|  |TAMS 0x000000070ae00000, 0x000000070ae00000| Untracked 
|  59|0x000000070b000000, 0x000000070b000000, 0x000000070b200000|  0%| F|  |TAMS 0x000000070b000000, 0x000000070b000000| Untracked 
|  60|0x000000070b200000, 0x000000070b200000, 0x000000070b400000|  0%| F|  |TAMS 0x000000070b200000, 0x000000070b200000| Untracked 
|  61|0x000000070b400000, 0x000000070b400000, 0x000000070b600000|  0%| F|  |TAMS 0x000000070b400000, 0x000000070b400000| Untracked 
|  62|0x000000070b600000, 0x000000070b600000, 0x000000070b800000|  0%| F|  |TAMS 0x000000070b600000, 0x000000070b600000| Untracked 
|  63|0x000000070b800000, 0x000000070b800000, 0x000000070ba00000|  0%| F|  |TAMS 0x000000070b800000, 0x000000070b800000| Untracked 
|  64|0x000000070ba00000, 0x000000070ba00000, 0x000000070bc00000|  0%| F|  |TAMS 0x000000070ba00000, 0x000000070ba00000| Untracked 
|  65|0x000000070bc00000, 0x000000070bc00000, 0x000000070be00000|  0%| F|  |TAMS 0x000000070bc00000, 0x000000070bc00000| Untracked 
|  66|0x000000070be00000, 0x000000070be00000, 0x000000070c000000|  0%| F|  |TAMS 0x000000070be00000, 0x000000070be00000| Untracked 
|  67|0x000000070c000000, 0x000000070c000000, 0x000000070c200000|  0%| F|  |TAMS 0x000000070c000000, 0x000000070c000000| Untracked 
|  68|0x000000070c200000, 0x000000070c200000, 0x000000070c400000|  0%| F|  |TAMS 0x000000070c200000, 0x000000070c200000| Untracked 
|  69|0x000000070c400000, 0x000000070c400000, 0x000000070c600000|  0%| F|  |TAMS 0x000000070c400000, 0x000000070c400000| Untracked 
|  70|0x000000070c600000, 0x000000070c600000, 0x000000070c800000|  0%| F|  |TAMS 0x000000070c600000, 0x000000070c600000| Untracked 
|  71|0x000000070c800000, 0x000000070c800000, 0x000000070ca00000|  0%| F|  |TAMS 0x000000070c800000, 0x000000070c800000| Untracked 
|  72|0x000000070ca00000, 0x000000070ca00000, 0x000000070cc00000|  0%| F|  |TAMS 0x000000070ca00000, 0x000000070ca00000| Untracked 
|  73|0x000000070cc00000, 0x000000070cc00000, 0x000000070ce00000|  0%| F|  |TAMS 0x000000070cc00000, 0x000000070cc00000| Untracked 
|  74|0x000000070ce00000, 0x000000070ce00000, 0x000000070d000000|  0%| F|  |TAMS 0x000000070ce00000, 0x000000070ce00000| Untracked 
|  75|0x000000070d000000, 0x000000070d000000, 0x000000070d200000|  0%| F|  |TAMS 0x000000070d000000, 0x000000070d000000| Untracked 
|  76|0x000000070d200000, 0x000000070d200000, 0x000000070d400000|  0%| F|  |TAMS 0x000000070d200000, 0x000000070d200000| Untracked 
|  77|0x000000070d400000, 0x000000070d400000, 0x000000070d600000|  0%| F|  |TAMS 0x000000070d400000, 0x000000070d400000| Untracked 
|  78|0x000000070d600000, 0x000000070d600000, 0x000000070d800000|  0%| F|  |TAMS 0x000000070d600000, 0x000000070d600000| Untracked 
|  79|0x000000070d800000, 0x000000070d800000, 0x000000070da00000|  0%| F|  |TAMS 0x000000070d800000, 0x000000070d800000| Untracked 
|  80|0x000000070da00000, 0x000000070da00000, 0x000000070dc00000|  0%| F|  |TAMS 0x000000070da00000, 0x000000070da00000| Untracked 
|  81|0x000000070dc00000, 0x000000070dc00000, 0x000000070de00000|  0%| F|  |TAMS 0x000000070dc00000, 0x000000070dc00000| Untracked 
|  82|0x000000070de00000, 0x000000070de00000, 0x000000070e000000|  0%| F|  |TAMS 0x000000070de00000, 0x000000070de00000| Untracked 
|  83|0x000000070e000000, 0x000000070e000000, 0x000000070e200000|  0%| F|  |TAMS 0x000000070e000000, 0x000000070e000000| Untracked 
|  84|0x000000070e200000, 0x000000070e200000, 0x000000070e400000|  0%| F|  |TAMS 0x000000070e200000, 0x000000070e200000| Untracked 
|  85|0x000000070e400000, 0x000000070e400000, 0x000000070e600000|  0%| F|  |TAMS 0x000000070e400000, 0x000000070e400000| Untracked 
|  86|0x000000070e600000, 0x000000070e600000, 0x000000070e800000|  0%| F|  |TAMS 0x000000070e600000, 0x000000070e600000| Untracked 
|  87|0x000000070e800000, 0x000000070e800000, 0x000000070ea00000|  0%| F|  |TAMS 0x000000070e800000, 0x000000070e800000| Untracked 
|  88|0x000000070ea00000, 0x000000070ea00000, 0x000000070ec00000|  0%| F|  |TAMS 0x000000070ea00000, 0x000000070ea00000| Untracked 
|  89|0x000000070ec00000, 0x000000070ec00000, 0x000000070ee00000|  0%| F|  |TAMS 0x000000070ec00000, 0x000000070ec00000| Untracked 
|  90|0x000000070ee00000, 0x000000070ee00000, 0x000000070f000000|  0%| F|  |TAMS 0x000000070ee00000, 0x000000070ee00000| Untracked 
|  91|0x000000070f000000, 0x000000070f000000, 0x000000070f200000|  0%| F|  |TAMS 0x000000070f000000, 0x000000070f000000| Untracked 
|  92|0x000000070f200000, 0x000000070f200000, 0x000000070f400000|  0%| F|  |TAMS 0x000000070f200000, 0x000000070f200000| Untracked 
|  93|0x000000070f400000, 0x000000070f400000, 0x000000070f600000|  0%| F|  |TAMS 0x000000070f400000, 0x000000070f400000| Untracked 
|  94|0x000000070f600000, 0x000000070f600000, 0x000000070f800000|  0%| F|  |TAMS 0x000000070f600000, 0x000000070f600000| Untracked 
|  95|0x000000070f800000, 0x000000070f800000, 0x000000070fa00000|  0%| F|  |TAMS 0x000000070f800000, 0x000000070f800000| Untracked 
|  96|0x000000070fa00000, 0x000000070fa00000, 0x000000070fc00000|  0%| F|  |TAMS 0x000000070fa00000, 0x000000070fa00000| Untracked 
|  97|0x000000070fc00000, 0x000000070fc00000, 0x000000070fe00000|  0%| F|  |TAMS 0x000000070fc00000, 0x000000070fc00000| Untracked 
|  98|0x000000070fe00000, 0x000000070fe00000, 0x0000000710000000|  0%| F|  |TAMS 0x000000070fe00000, 0x000000070fe00000| Untracked 
|  99|0x0000000710000000, 0x0000000710000000, 0x0000000710200000|  0%| F|  |TAMS 0x0000000710000000, 0x0000000710000000| Untracked 
| 100|0x0000000710200000, 0x0000000710200000, 0x0000000710400000|  0%| F|  |TAMS 0x0000000710200000, 0x0000000710200000| Untracked 
| 101|0x0000000710400000, 0x0000000710400000, 0x0000000710600000|  0%| F|  |TAMS 0x0000000710400000, 0x0000000710400000| Untracked 
| 102|0x0000000710600000, 0x0000000710600000, 0x0000000710800000|  0%| F|  |TAMS 0x0000000710600000, 0x0000000710600000| Untracked 
| 103|0x0000000710800000, 0x0000000710800000, 0x0000000710a00000|  0%| F|  |TAMS 0x0000000710800000, 0x0000000710800000| Untracked 
| 104|0x0000000710a00000, 0x0000000710a00000, 0x0000000710c00000|  0%| F|  |TAMS 0x0000000710a00000, 0x0000000710a00000| Untracked 
| 105|0x0000000710c00000, 0x0000000710c00000, 0x0000000710e00000|  0%| F|  |TAMS 0x0000000710c00000, 0x0000000710c00000| Untracked 
| 106|0x0000000710e00000, 0x0000000710e00000, 0x0000000711000000|  0%| F|  |TAMS 0x0000000710e00000, 0x0000000710e00000| Untracked 
| 107|0x0000000711000000, 0x0000000711000000, 0x0000000711200000|  0%| F|  |TAMS 0x0000000711000000, 0x0000000711000000| Untracked 
| 108|0x0000000711200000, 0x0000000711200000, 0x0000000711400000|  0%| F|  |TAMS 0x0000000711200000, 0x0000000711200000| Untracked 
| 109|0x0000000711400000, 0x0000000711400000, 0x0000000711600000|  0%| F|  |TAMS 0x0000000711400000, 0x0000000711400000| Untracked 
| 110|0x0000000711600000, 0x0000000711600000, 0x0000000711800000|  0%| F|  |TAMS 0x0000000711600000, 0x0000000711600000| Untracked 
| 111|0x0000000711800000, 0x0000000711800000, 0x0000000711a00000|  0%| F|  |TAMS 0x0000000711800000, 0x0000000711800000| Untracked 
| 112|0x0000000711a00000, 0x0000000711a00000, 0x0000000711c00000|  0%| F|  |TAMS 0x0000000711a00000, 0x0000000711a00000| Untracked 
| 113|0x0000000711c00000, 0x0000000711c00000, 0x0000000711e00000|  0%| F|  |TAMS 0x0000000711c00000, 0x0000000711c00000| Untracked 
| 114|0x0000000711e00000, 0x0000000711e00000, 0x0000000712000000|  0%| F|  |TAMS 0x0000000711e00000, 0x0000000711e00000| Untracked 
| 115|0x0000000712000000, 0x0000000712000000, 0x0000000712200000|  0%| F|  |TAMS 0x0000000712000000, 0x0000000712000000| Untracked 
| 116|0x0000000712200000, 0x0000000712200000, 0x0000000712400000|  0%| F|  |TAMS 0x0000000712200000, 0x0000000712200000| Untracked 
| 117|0x0000000712400000, 0x0000000712400000, 0x0000000712600000|  0%| F|  |TAMS 0x0000000712400000, 0x0000000712400000| Untracked 
| 118|0x0000000712600000, 0x0000000712600000, 0x0000000712800000|  0%| F|  |TAMS 0x0000000712600000, 0x0000000712600000| Untracked 
| 119|0x0000000712800000, 0x0000000712952798, 0x0000000712a00000| 66%| E|  |TAMS 0x0000000712800000, 0x0000000712800000| Complete 
| 120|0x0000000712a00000, 0x0000000712c00000, 0x0000000712c00000|100%| E|CS|TAMS 0x0000000712a00000, 0x0000000712a00000| Complete 
| 121|0x0000000712c00000, 0x0000000712e00000, 0x0000000712e00000|100%| E|CS|TAMS 0x0000000712c00000, 0x0000000712c00000| Complete 
| 122|0x0000000712e00000, 0x0000000713000000, 0x0000000713000000|100%| E|CS|TAMS 0x0000000712e00000, 0x0000000712e00000| Complete 
| 123|0x0000000713000000, 0x0000000713200000, 0x0000000713200000|100%| E|CS|TAMS 0x0000000713000000, 0x0000000713000000| Complete 
| 124|0x0000000713200000, 0x0000000713400000, 0x0000000713400000|100%| E|CS|TAMS 0x0000000713200000, 0x0000000713200000| Complete 
| 125|0x0000000713400000, 0x0000000713600000, 0x0000000713600000|100%| E|CS|TAMS 0x0000000713400000, 0x0000000713400000| Complete 
| 126|0x0000000713600000, 0x0000000713800000, 0x0000000713800000|100%| E|CS|TAMS 0x0000000713600000, 0x0000000713600000| Complete 

Card table byte_map: [0x00000262cecf0000,0x00000262cf4e0000] _byte_map_base: 0x00000262cb4d3000

Marking Bits (Prev, Next): (CMBitMap*) 0x00000262c85b1c10, (CMBitMap*) 0x00000262c85b1c50
 Prev Bits: [0x00000262cfcd0000, 0x00000262d3be8000)
 Next Bits: [0x00000262d3bf0000, 0x00000262d7b08000)

Polling page: 0x00000262c7d10000

Metaspace:

Usage:
  Non-class:      6.09 MB used.
      Class:    723.18 KB used.
       Both:      6.80 MB used.

Virtual space:
  Non-class space:        8.00 MB reserved,       6.12 MB ( 77%) committed,  1 nodes.
      Class space:        1.00 GB reserved,     832.00 KB ( <1%) committed,  1 nodes.
             Both:        1.01 GB reserved,       6.94 MB ( <1%) committed. 

Chunk freelists:
   Non-Class:  1.86 MB
       Class:  3.16 MB
        Both:  5.02 MB

MaxMetaspaceSize: unlimited
CompressedClassSpaceSize: 1.00 GB
Initial GC threshold: 21.00 MB
Current GC threshold: 21.00 MB
CDS: off
MetaspaceReclaimPolicy: balanced
 - commit_granule_bytes: 65536.
 - commit_granule_words: 8192.
 - virtual_space_node_default_size: 1048576.
 - enlarge_chunks_in_place: 1.
 - new_chunks_are_fully_committed: 0.
 - uncommit_free_chunks: 1.
 - use_allocation_guard: 0.
 - handle_deallocations: 1.


Internal statistics:

num_allocs_failed_limit: 0.
num_arena_births: 56.
num_arena_deaths: 0.
num_vsnodes_births: 2.
num_vsnodes_deaths: 0.
num_space_committed: 111.
num_space_uncommitted: 0.
num_chunks_returned_to_freelist: 0.
num_chunks_taken_from_freelist: 106.
num_chunk_merges: 0.
num_chunk_splits: 64.
num_chunks_enlarged: 44.
num_purges: 0.
num_inconsistent_stats: 0.

CodeCache: size=49152Kb used=2600Kb max_used=2600Kb free=46551Kb
 bounds [0x00000262cb1d0000, 0x00000262cb460000, 0x00000262ce1d0000]
 total_blobs=1020 nmethods=645 adapters=302
 compilation: enabled
              stopped_count=0, restarted_count=0
 full_count=0

Compilation events (20 events):
Event: 1.145 Thread 0x00000262db4899c0 nmethod 590 0x00000262cb445710 code [0x00000262cb4458a0, 0x00000262cb445988]
Event: 1.145 Thread 0x00000262db5030d0  592       1       java.net.URLStreamHandler::toExternalForm (156 bytes)
Event: 1.145 Thread 0x00000262db4899c0  593   !   1       jdk.internal.loader.BuiltinClassLoader::loadClassOrNull (143 bytes)
Event: 1.145 Thread 0x00000262db5030d0 nmethod 592 0x00000262cb445f10 code [0x00000262cb446200, 0x00000262cb446d98]
Event: 1.145 Thread 0x00000262db5030d0  594       1       java.lang.ClassLoader::getClassLoadingLock (35 bytes)
Event: 1.146 Thread 0x00000262db5030d0 nmethod 594 0x00000262cb447290 code [0x00000262cb447420, 0x00000262cb4475a8]
Event: 1.146 Thread 0x00000262db5030d0  595       1       java.lang.ClassLoader::findLoadedClass (15 bytes)
Event: 1.146 Thread 0x00000262db4899c0 nmethod 593 0x00000262cb447690 code [0x00000262cb447900, 0x00000262cb4480d8]
Event: 1.146 Thread 0x00000262db4899c0  597       1       jdk.internal.loader.BuiltinClassLoader::findLoadedModule (33 bytes)
Event: 1.146 Thread 0x00000262db5030d0 nmethod 595 0x00000262cb448890 code [0x00000262cb448a40, 0x00000262cb448b98]
Event: 1.146 Thread 0x00000262db5030d0  598       1       jdk.internal.loader.BuiltinClassLoader::loadClassOrNull (7 bytes)
Event: 1.146 Thread 0x00000262db5030d0 nmethod 598 0x00000262cb448c90 code [0x00000262cb448e20, 0x00000262cb448f08]
Event: 1.146 Thread 0x00000262db4899c0 nmethod 597 0x00000262cb448f90 code [0x00000262cb449160, 0x00000262cb449398]
Event: 1.149 Thread 0x00000262db4899c0  599       1       java.net.URLStreamHandler::parseURL (1201 bytes)
Event: 1.151 Thread 0x00000262db5030d0  600       1       jdk.internal.loader.URLClassPath::getResource (74 bytes)
Event: 1.151 Thread 0x00000262db5030d0 nmethod 600 0x00000262cb449510 code [0x00000262cb4496c0, 0x00000262cb449858]
Event: 1.154 Thread 0x00000262db5030d0  601       1       java.util.ArrayList$Itr::hasNext (20 bytes)
Event: 1.154 Thread 0x00000262db5030d0 nmethod 601 0x00000262cb449910 code [0x00000262cb449aa0, 0x00000262cb449b98]
Event: 1.154 Thread 0x00000262db5030d0  602       1       java.lang.invoke.MethodType::parameterCount (6 bytes)
Event: 1.154 Thread 0x00000262db5030d0 nmethod 602 0x00000262cb449c10 code [0x00000262cb449da0, 0x00000262cb449e78]

GC Heap History (0 events):
No events

Dll operation events (5 events):
Event: 0.036 Loaded shared library c:\Users\Md.Mahedi\.vscode\extensions\redhat.java-1.14.0-win32-x64\jre\17.0.5-win32-x86_64\bin\java.dll
Event: 0.323 Loaded shared library C:\Users\Md.Mahedi\.vscode\extensions\redhat.java-1.14.0-win32-x64\jre\17.0.5-win32-x86_64\bin\net.dll
Event: 0.327 Loaded shared library C:\Users\Md.Mahedi\.vscode\extensions\redhat.java-1.14.0-win32-x64\jre\17.0.5-win32-x86_64\bin\nio.dll
Event: 0.336 Loaded shared library C:\Users\Md.Mahedi\.vscode\extensions\redhat.java-1.14.0-win32-x64\jre\17.0.5-win32-x86_64\bin\zip.dll
Event: 0.867 Loaded shared library C:\Users\Md.Mahedi\.vscode\extensions\redhat.java-1.14.0-win32-x64\jre\17.0.5-win32-x86_64\bin\jimage.dll

Deoptimization events (0 events):
No events

Classes unloaded (0 events):
No events

Classes redefined (0 events):
No events

Internal exceptions (2 events):
Event: 1.125 Thread 0x00000262c8544f10 Exception <a 'java/lang/ClassNotFoundException'{0x0000000712b0cbd8}: javax/smartcardio/CardPermission> (0x0000000712b0cbd8) 
thrown [s\src\hotspot\share\classfile\systemDictionary.cpp, line 256]
Event: 1.130 Thread 0x00000262c8544f10 Exception <a 'java/io/FileNotFoundException'{0x0000000712b1b200}> (0x0000000712b1b200) 
thrown [s\src\hotspot\share\prims\jni.cpp, line 516]

VM Operations (6 events):
Event: 0.336 Executing VM operation: HandshakeAllThreads
Event: 0.336 Executing VM operation: HandshakeAllThreads done
Event: 0.857 Executing VM operation: HandshakeAllThreads
Event: 0.857 Executing VM operation: HandshakeAllThreads done
Event: 1.013 Executing VM operation: HandshakeAllThreads
Event: 1.013 Executing VM operation: HandshakeAllThreads done

Events (20 events):
Event: 1.141 loading class java/util/TreeMap$EntrySet done
Event: 1.141 loading class java/util/TreeMap$EntryIterator
Event: 1.141 loading class java/util/TreeMap$EntryIterator done
Event: 1.154 loading class org/xml/sax/InputSource
Event: 1.156 loading class org/xml/sax/InputSource done
Event: 1.157 loading class org/xml/sax/helpers/DefaultHandler
Event: 1.157 loading class org/xml/sax/EntityResolver
Event: 1.157 loading class org/xml/sax/EntityResolver done
Event: 1.157 loading class org/xml/sax/DTDHandler
Event: 1.157 loading class org/xml/sax/DTDHandler done
Event: 1.157 loading class org/xml/sax/ContentHandler
Event: 1.157 loading class org/xml/sax/ContentHandler done
Event: 1.157 loading class org/xml/sax/ErrorHandler
Event: 1.157 loading class org/xml/sax/ErrorHandler done
Event: 1.157 loading class org/xml/sax/helpers/DefaultHandler done
Event: 1.157 loading class org/xml/sax/SAXParseException
Event: 1.157 loading class org/xml/sax/SAXException
Event: 1.157 loading class org/xml/sax/SAXException done
Event: 1.157 loading class org/xml/sax/SAXParseException done
Event: 1.157 loading class javax/xml/parsers/ParserConfigurationException


Dynamic libraries:
0x00007ff667d20000 - 0x00007ff667d2e000 	c:\Users\Md.Mahedi\.vscode\extensions\redhat.java-1.14.0-win32-x64\jre\17.0.5-win32-x86_64\bin\java.exe
0x00007ff89f3f0000 - 0x00007ff89f5e8000 	C:\Windows\SYSTEM32\ntdll.dll
0x00007ff89f080000 - 0x00007ff89f13f000 	C:\Windows\System32\KERNEL32.DLL
0x00007ff89cae0000 - 0x00007ff89cdb2000 	C:\Windows\System32\KERNELBASE.dll
0x00007ff89cdc0000 - 0x00007ff89cec0000 	C:\Windows\System32\ucrtbase.dll
0x00007ff896990000 - 0x00007ff8969a7000 	c:\Users\Md.Mahedi\.vscode\extensions\redhat.java-1.14.0-win32-x64\jre\17.0.5-win32-x86_64\bin\jli.dll
0x00007ff8969b0000 - 0x00007ff8969c9000 	c:\Users\Md.Mahedi\.vscode\extensions\redhat.java-1.14.0-win32-x64\jre\17.0.5-win32-x86_64\bin\VCRUNTIME140.dll
0x00007ff89dea0000 - 0x00007ff89e041000 	C:\Windows\System32\USER32.dll
0x00007ff89d350000 - 0x00007ff89d372000 	C:\Windows\System32\win32u.dll
0x00007ff88d0f0000 - 0x00007ff88d38a000 	C:\Windows\WinSxS\amd64_microsoft.windows.common-controls_6595b64144ccf1df_6.0.19041.1110_none_60b5254171f9507e\COMCTL32.dll
0x00007ff89d8f0000 - 0x00007ff89d91b000 	C:\Windows\System32\GDI32.dll
0x00007ff89d7a0000 - 0x00007ff89d83e000 	C:\Windows\System32\msvcrt.dll
0x00007ff89d150000 - 0x00007ff89d25f000 	C:\Windows\System32\gdi32full.dll
0x00007ff89d2b0000 - 0x00007ff89d34d000 	C:\Windows\System32\msvcp_win.dll
0x00007ff89f370000 - 0x00007ff89f3a2000 	C:\Windows\System32\IMM32.DLL
0x00007ff8910a0000 - 0x00007ff8910ac000 	c:\Users\Md.Mahedi\.vscode\extensions\redhat.java-1.14.0-win32-x64\jre\17.0.5-win32-x86_64\bin\vcruntime140_1.dll
0x00007ff87a940000 - 0x00007ff87a9d1000 	c:\Users\Md.Mahedi\.vscode\extensions\redhat.java-1.14.0-win32-x64\jre\17.0.5-win32-x86_64\bin\msvcp140.dll
0x00007ff835030000 - 0x00007ff835c74000 	c:\Users\Md.Mahedi\.vscode\extensions\redhat.java-1.14.0-win32-x64\jre\17.0.5-win32-x86_64\bin\server\jvm.dll
0x00007ff89d990000 - 0x00007ff89da3e000 	C:\Windows\System32\ADVAPI32.dll
0x00007ff89dcd0000 - 0x00007ff89dd6c000 	C:\Windows\System32\sechost.dll
0x00007ff89ef50000 - 0x00007ff89f075000 	C:\Windows\System32\RPCRT4.dll
0x00007ff897d50000 - 0x00007ff897d59000 	C:\Windows\SYSTEM32\WSOCK32.dll
0x00007ff8958f0000 - 0x00007ff895917000 	C:\Windows\SYSTEM32\WINMM.dll
0x00007ff897890000 - 0x00007ff89789a000 	C:\Windows\SYSTEM32\VERSION.dll
0x00007ff89ee80000 - 0x00007ff89eeeb000 	C:\Windows\System32\WS2_32.dll
0x00007ff89aba0000 - 0x00007ff89abb2000 	C:\Windows\SYSTEM32\kernel.appcore.dll
0x00007ff891090000 - 0x00007ff89109a000 	c:\Users\Md.Mahedi\.vscode\extensions\redhat.java-1.14.0-win32-x64\jre\17.0.5-win32-x86_64\bin\jimage.dll
0x00007ff89a8b0000 - 0x00007ff89aa94000 	C:\Windows\SYSTEM32\DBGHELP.DLL
0x00007ff88aa00000 - 0x00007ff88aa35000 	C:\Windows\SYSTEM32\dbgcore.DLL
0x00007ff89d0c0000 - 0x00007ff89d142000 	C:\Windows\System32\bcryptPrimitives.dll
0x00007ff88adf0000 - 0x00007ff88ae15000 	c:\Users\Md.Mahedi\.vscode\extensions\redhat.java-1.14.0-win32-x64\jre\17.0.5-win32-x86_64\bin\java.dll
0x00007ff88aab0000 - 0x00007ff88aac8000 	c:\Users\Md.Mahedi\.vscode\extensions\redhat.java-1.14.0-win32-x64\jre\17.0.5-win32-x86_64\bin\zip.dll
0x00007ff89e4c0000 - 0x00007ff89ec04000 	C:\Windows\System32\SHELL32.dll
0x00007ff89abc0000 - 0x00007ff89b352000 	C:\Windows\SYSTEM32\windows.storage.dll
0x00007ff89d430000 - 0x00007ff89d785000 	C:\Windows\System32\combase.dll
0x00007ff89c540000 - 0x00007ff89c570000 	C:\Windows\SYSTEM32\Wldp.dll
0x00007ff89da40000 - 0x00007ff89daed000 	C:\Windows\System32\SHCORE.dll
0x00007ff89eef0000 - 0x00007ff89ef45000 	C:\Windows\System32\shlwapi.dll
0x00007ff89ca20000 - 0x00007ff89ca3f000 	C:\Windows\SYSTEM32\profapi.dll
0x00007ff889e00000 - 0x00007ff889e19000 	C:\Users\Md.Mahedi\.vscode\extensions\redhat.java-1.14.0-win32-x64\jre\17.0.5-win32-x86_64\bin\net.dll
0x00007ff895f40000 - 0x00007ff89604c000 	C:\Windows\SYSTEM32\WINHTTP.dll
0x00007ff89c2a0000 - 0x00007ff89c30a000 	C:\Windows\system32\mswsock.dll
0x00007ff889d90000 - 0x00007ff889da5000 	C:\Users\Md.Mahedi\.vscode\extensions\redhat.java-1.14.0-win32-x64\jre\17.0.5-win32-x86_64\bin\nio.dll
0x00007ff889c60000 - 0x00007ff889c70000 	c:\Users\Md.Mahedi\.vscode\extensions\redhat.java-1.14.0-win32-x64\jre\17.0.5-win32-x86_64\bin\verify.dll

dbghelp: loaded successfully - version: 4.0.5 - missing functions: none
symbol engine: initialized successfully - sym options: 0x614 - pdb path: .;c:\Users\Md.Mahedi\.vscode\extensions\redhat.java-1.14.0-win32-x64\jre\17.0.5-win32-x86_64\bin;C:\Windows\SYSTEM32;C:\Windows\WinSxS\amd64_microsoft.windows.common-controls_6595b64144ccf1df_6.0.19041.1110_none_60b5254171f9507e;c:\Users\Md.Mahedi\.vscode\extensions\redhat.java-1.14.0-win32-x64\jre\17.0.5-win32-x86_64\bin\server

VM Arguments:
jvm_args: -Dsts.lsp.client=vscode -Dsts.log.file=/dev/null -XX:TieredStopAtLevel=1 -Xlog:jni+resolve=off -Dspring.config.location=file:c:\Users\Md.Mahedi\.vscode\extensions\pivotal.vscode-spring-boot-1.43.0\language-server\BOOT-INF\classes\application.properties 
java_command: org.springframework.ide.vscode.boot.app.BootLanguageServerBootApp
java_class_path (initial): c:\Users\Md.Mahedi\.vscode\extensions\pivotal.vscode-spring-boot-1.43.0\language-server\BOOT-INF\classes;c:\Users\Md.Mahedi\.vscode\extensions\pivotal.vscode-spring-boot-1.43.0\language-server\BOOT-INF\lib\annotations-23.1.0.jar;c:\Users\Md.Mahedi\.vscode\extensions\pivotal.vscode-spring-boot-1.43.0\language-server\BOOT-INF\lib\ant-1.10.12.jar;c:\Users\Md.Mahedi\.vscode\extensions\pivotal.vscode-spring-boot-1.43.0\language-server\BOOT-INF\lib\ant-launcher-1.10.12.jar;c:\Users\Md.Mahedi\.vscode\extensions\pivotal.vscode-spring-boot-1.43.0\language-server\BOOT-INF\lib\antlr-runtime-3.5.2.jar;c:\Users\Md.Mahedi\.vscode\extensions\pivotal.vscode-spring-boot-1.43.0\language-server\BOOT-INF\lib\antlr4-4.9.3.jar;c:\Users\Md.Mahedi\.vscode\extensions\pivotal.vscode-spring-boot-1.43.0\language-server\BOOT-INF\lib\antlr4-runtime-4.9.3.jar;c:\Users\Md.Mahedi\.vscode\extensions\pivotal.vscode-spring-boot-1.43.0\language-server\BOOT-INF\lib\apiguardian-api-1.1.2.jar;c:\Users\Md.Mahedi\.vscode\extensions\pivotal.vscode-spring-boot-1.43.0\language-server\BOOT-INF\lib\asm-9.4.jar;c:\Users\Md.Mahedi\.vscode\extensions\pivotal.vscode-spring-boot-1.43.0\language-server\BOOT-INF\lib\asm-analysis-9.4.jar;c:\Users\Md.Mahedi\.vscode\extensions\pivotal.vscode-spring-boot-1.43.0\language-server\BOOT-INF\lib\asm-tree-9.4.jar;c:\Users\Md.Mahedi\.vscode\extensions\pivotal.vscode-spring-boot-1.43.0\language-server\BOOT-INF\lib\asm-util-9.4.jar;c:\Users\Md.Mahedi\.vscode\extensions\pivotal.vscode-spring-boot-1.43.0\language-server\BOOT-INF\lib\caffeine-3.1.2.jar;c:\Users\Md.Mahedi\.vscode\extensions\pivotal.vscode-spring-boot-1.43.0\language-server\BOOT-INF\lib\checker-qual-3.12.0.jar;c:\Users\Md.Mahedi\.vscode\extensions\pivotal.vscode-spring-boot-1.43.0\language-server\BOOT-INF\lib\ci-environment-9.1.0.jar;c:\Users\Md.Mahedi\.vscode\extensions\pivotal.vscode-spring-boot-1.43.0\language-server\BOOT-INF\lib\classgraph-4.8.149.jar;c:\Users\Md.Mahedi\.vscode\extensions
Launcher Type: SUN_STANDARD

[Global flags]
     intx CICompilerCount                          = 4                                         {product} {ergonomic}
     uint ConcGCThreads                            = 3                                         {product} {ergonomic}
     uint G1ConcRefinementThreads                  = 10                                        {product} {ergonomic}
   size_t G1HeapRegionSize                         = 2097152                                   {product} {ergonomic}
    uintx GCDrainStackTargetSize                   = 64                                        {product} {ergonomic}
   size_t InitialHeapSize                          = 266338304                                 {product} {ergonomic}
   size_t MarkStackSize                            = 4194304                                   {product} {ergonomic}
   size_t MaxHeapSize                              = 4234149888                                {product} {ergonomic}
   size_t MaxNewSize                               = 2539651072                                {product} {ergonomic}
   size_t MinHeapDeltaBytes                        = 2097152                                   {product} {ergonomic}
   size_t MinHeapSize                              = 8388608                                   {product} {ergonomic}
    uintx NonProfiledCodeHeapSize                  = 0                                      {pd product} {ergonomic}
     bool ProfileInterpreter                       = false                                  {pd product} {command line}
    uintx ProfiledCodeHeapSize                     = 0                                      {pd product} {ergonomic}
   size_t SoftMaxHeapSize                          = 4234149888                             {manageable} {ergonomic}
     intx TieredStopAtLevel                        = 1                                         {product} {command line}
     bool UseCompressedClassPointers               = true                           {product lp64_product} {ergonomic}
     bool UseCompressedOops                        = true                           {product lp64_product} {ergonomic}
     bool UseG1GC                                  = true                                      {product} {ergonomic}
     bool UseLargePagesIndividualAllocation        = false                                  {pd product} {ergonomic}

Logging:
Log output configuration:
 #0: stdout all=warning,jni+resolve=off uptime,level,tags
 #1: stderr all=off uptime,level,tags

Environment Variables:
JAVA_HOME=C:\Program Files\Java\jdk1.8.0_202
PATH=C:\Program Files\Common Files\Oracle\Java\javapath;C:\Program Files (x86)\Common Files\Oracle\Java\javapath;C:\Windows\system32;C:\Windows;C:\Windows\System32\Wbem;C:\Windows\System32\WindowsPowerShell\v1.0\;C:\Windows\System32\OpenSSH\;C:\Program Files\Git\cmd;C:\Program Files\Java\jdk1.8.0_202\bin;C:\Python27;C:\Program Files (x86)\Yarn\bin\;C:\Users\Md.Mahedi\AppData\Roaming\nvm;C:\Program Files\nodejs;C:\HashiCorp\Vagrant\bin;C:\Program Files\PostgreSQL\9.6\bin;C:\Program Files (x86)\MySQL\MySQL Server 5.6\bin;C:\Program Files\nodejs\;C:\Program Files (x86)\Bitvise SSH Client;C:\Program Files\MySQL\MySQL Shell 8.0\bin\;C:\Users\Md.Mahedi\AppData\Local\Microsoft\WindowsApps;C:\Program Files (x86)\SSH Communications Security\SSH Secure Shell;C:\Users\Md.Mahedi\AppData\Local\Programs\Microsoft VS Code\bin;C:\Users\Md.Mahedi\AppData\Local\Yarn\bin;C:\Users\Md.Mahedi\AppData\Roaming\nvm;C:\Program Files\nodejs;C:\Users\Md.Mahedi\AppData\Local\GitHubDesktop\bin;C:\Users\Md.Mahedi\AppData\Roaming\npm
USERNAME=Md.Mahedi
OS=Windows_NT
PROCESSOR_IDENTIFIER=Intel64 Family 6 Model 167 Stepping 1, GenuineIntel
TMP=C:\Users\MD11D5~1.MAH\AppData\Local\Temp
TEMP=C:\Users\MD11D5~1.MAH\AppData\Local\Temp



---------------  S Y S T E M  ---------------

OS:
 Windows 10 , 64 bit Build 19041 (10.0.19041.2364)
OS uptime: 2 days 23:57 hours

CPU: total 12 (initial active 12) (6 cores per cpu, 2 threads per core) family 6 model 167 stepping 1 microcode 0x3c, cx8, cmov, fxsr, ht, mmx, 3dnowpref, sse, sse2, sse3, ssse3, sse4.1, sse4.2, popcnt, lzcnt, tsc, tscinvbit, avx, avx2, aes, erms, clmul, bmi1, bmi2, adx, avx512f, avx512dq, avx512cd, avx512bw, avx512vl, sha, fma, vzeroupper, avx512_vpopcntdq, avx512_vpclmulqdq, avx512_vaes, avx512_vnni, clflush, clflushopt, avx512_vbmi2, avx512_vbmi

Memory: 4k page, system-wide physical 16149M (304M free)
TotalPageFile size 48258M (AvailPageFile size 0M)
current process WorkingSet (physical memory assigned to process): 52M, peak: 52M
current process commit charge ("private bytes"): 345M, peak: 345M

vm_info: OpenJDK 64-Bit Server VM (17.0.5+8) for windows-amd64 JRE (17.0.5+8), built on Oct 19 2022 04:48:13 by "temurin" with MS VC++ 16.7 (VS2019)

END.
